The system is: Linux - 4.4.0-130-generic - x86_64
Compiling the C compiler identification source file "CMakeCCompilerId.c" succeeded.
Compiler: /media/air/6f43c45d-eb70-eb42-801a-ed77dc73e87f/worktools/gcc-linaro-6.3.1-2017.05-x86_64_aarch64-linux-gnu/bin/aarch64-linux-gnu-gcc 
Build flags: 
Id flags: 

The output was:
0


Compilation of the C compiler identification source "CMakeCCompilerId.c" produced "a.out"

The C compiler identification is GNU, found in "/media/air/6f43c45d-eb70-eb42-801a-ed77dc73e87f/armnn/armnn/build_arm64_caffe/CMakeFiles/3.5.1/CompilerIdC/a.out"

Compiling the CXX compiler identification source file "CMakeCXXCompilerId.cpp" succeeded.
Compiler: /media/air/6f43c45d-eb70-eb42-801a-ed77dc73e87f/worktools/gcc-linaro-6.3.1-2017.05-x86_64_aarch64-linux-gnu/bin/aarch64-linux-gnu-g++ 
Build flags: 
Id flags: 

The output was:
0


Compilation of the CXX compiler identification source "CMakeCXXCompilerId.cpp" produced "a.out"

The CXX compiler identification is GNU, found in "/media/air/6f43c45d-eb70-eb42-801a-ed77dc73e87f/armnn/armnn/build_arm64_caffe/CMakeFiles/3.5.1/CompilerIdCXX/a.out"

Determining if the C compiler works passed with the following output:
Change Dir: /media/air/6f43c45d-eb70-eb42-801a-ed77dc73e87f/armnn/armnn/build_arm64_caffe/CMakeFiles/CMakeTmp

Run Build Command:"/usr/bin/make" "cmTC_7a183/fast"
/usr/bin/make -f CMakeFiles/cmTC_7a183.dir/build.make CMakeFiles/cmTC_7a183.dir/build
make[1]: Entering directory '/media/air/6f43c45d-eb70-eb42-801a-ed77dc73e87f/armnn/armnn/build_arm64_caffe/CMakeFiles/CMakeTmp'
Building C object CMakeFiles/cmTC_7a183.dir/testCCompiler.c.o
/media/air/6f43c45d-eb70-eb42-801a-ed77dc73e87f/worktools/gcc-linaro-6.3.1-2017.05-x86_64_aarch64-linux-gnu/bin/aarch64-linux-gnu-gcc     -o CMakeFiles/cmTC_7a183.dir/testCCompiler.c.o   -c /media/air/6f43c45d-eb70-eb42-801a-ed77dc73e87f/armnn/armnn/build_arm64_caffe/CMakeFiles/CMakeTmp/testCCompiler.c
Linking C executable cmTC_7a183
/usr/bin/cmake -E cmake_link_script CMakeFiles/cmTC_7a183.dir/link.txt --verbose=1
/media/air/6f43c45d-eb70-eb42-801a-ed77dc73e87f/worktools/gcc-linaro-6.3.1-2017.05-x86_64_aarch64-linux-gnu/bin/aarch64-linux-gnu-gcc       CMakeFiles/cmTC_7a183.dir/testCCompiler.c.o  -o cmTC_7a183 -rdynamic 
make[1]: Leaving directory '/media/air/6f43c45d-eb70-eb42-801a-ed77dc73e87f/armnn/armnn/build_arm64_caffe/CMakeFiles/CMakeTmp'


Detecting C compiler ABI info compiled with the following output:
Change Dir: /media/air/6f43c45d-eb70-eb42-801a-ed77dc73e87f/armnn/armnn/build_arm64_caffe/CMakeFiles/CMakeTmp

Run Build Command:"/usr/bin/make" "cmTC_920e0/fast"
/usr/bin/make -f CMakeFiles/cmTC_920e0.dir/build.make CMakeFiles/cmTC_920e0.dir/build
make[1]: Entering directory '/media/air/6f43c45d-eb70-eb42-801a-ed77dc73e87f/armnn/armnn/build_arm64_caffe/CMakeFiles/CMakeTmp'
Building C object CMakeFiles/cmTC_920e0.dir/CMakeCCompilerABI.c.o
/media/air/6f43c45d-eb70-eb42-801a-ed77dc73e87f/worktools/gcc-linaro-6.3.1-2017.05-x86_64_aarch64-linux-gnu/bin/aarch64-linux-gnu-gcc     -o CMakeFiles/cmTC_920e0.dir/CMakeCCompilerABI.c.o   -c /usr/share/cmake-3.5/Modules/CMakeCCompilerABI.c
Linking C executable cmTC_920e0
/usr/bin/cmake -E cmake_link_script CMakeFiles/cmTC_920e0.dir/link.txt --verbose=1
/media/air/6f43c45d-eb70-eb42-801a-ed77dc73e87f/worktools/gcc-linaro-6.3.1-2017.05-x86_64_aarch64-linux-gnu/bin/aarch64-linux-gnu-gcc      -v CMakeFiles/cmTC_920e0.dir/CMakeCCompilerABI.c.o  -o cmTC_920e0 -rdynamic  
Using built-in specs.
COLLECT_GCC=/media/air/6f43c45d-eb70-eb42-801a-ed77dc73e87f/worktools/gcc-linaro-6.3.1-2017.05-x86_64_aarch64-linux-gnu/bin/aarch64-linux-gnu-gcc
COLLECT_LTO_WRAPPER=/media/air/6f43c45d-eb70-eb42-801a-ed77dc73e87f/worktools/gcc-linaro-6.3.1-2017.05-x86_64_aarch64-linux-gnu/bin/../libexec/gcc/aarch64-linux-gnu/6.3.1/lto-wrapper
Target: aarch64-linux-gnu
Configured with: '/home/tcwg-buildslave/workspace/tcwg-make-release/builder_arch/amd64/label/tcwg-x86_64-build/target/aarch64-linux-gnu/snapshots/gcc.git~linaro-6.3-2017.05/configure' SHELL=/bin/bash --with-mpc=/home/tcwg-buildslave/workspace/tcwg-make-release/builder_arch/amd64/label/tcwg-x86_64-build/target/aarch64-linux-gnu/_build/builds/destdir/x86_64-unknown-linux-gnu --with-mpfr=/home/tcwg-buildslave/workspace/tcwg-make-release/builder_arch/amd64/label/tcwg-x86_64-build/target/aarch64-linux-gnu/_build/builds/destdir/x86_64-unknown-linux-gnu --with-gmp=/home/tcwg-buildslave/workspace/tcwg-make-release/builder_arch/amd64/label/tcwg-x86_64-build/target/aarch64-linux-gnu/_build/builds/destdir/x86_64-unknown-linux-gnu --with-gnu-as --with-gnu-ld --disable-libmudflap --enable-lto --enable-shared --without-included-gettext --enable-nls --disable-sjlj-exceptions --enable-gnu-unique-object --enable-linker-build-id --disable-libstdcxx-pch --enable-c99 --enable-clocale=gnu --enable-libstdcxx-debug --enable-long-long --with-cloog=no --with-ppl=no --with-isl=no --disable-multilib --enable-fix-cortex-a53-835769 --enable-fix-cortex-a53-843419 --with-arch=armv8-a --enable-threads=posix --enable-multiarch --enable-libstdcxx-time=yes --enable-gnu-indirect-function --with-build-sysroot=/home/tcwg-buildslave/workspace/tcwg-make-release/builder_arch/amd64/label/tcwg-x86_64-build/target/aarch64-linux-gnu/_build/sysroots/aarch64-linux-gnu --with-sysroot=/home/tcwg-buildslave/workspace/tcwg-make-release/builder_arch/amd64/label/tcwg-x86_64-build/target/aarch64-linux-gnu/_build/builds/destdir/x86_64-unknown-linux-gnu/aarch64-linux-gnu/libc --enable-checking=release --disable-bootstrap --enable-languages=c,c++,fortran,lto --build=x86_64-unknown-linux-gnu --host=x86_64-unknown-linux-gnu --target=aarch64-linux-gnu --prefix=/home/tcwg-buildslave/workspace/tcwg-make-release/builder_arch/amd64/label/tcwg-x86_64-build/target/aarch64-linux-gnu/_build/builds/destdir/x86_64-unknown-linux-gnu
Thread model: posix
gcc version 6.3.1 20170404 (Linaro GCC 6.3-2017.05) 
COMPILER_PATH=/media/air/6f43c45d-eb70-eb42-801a-ed77dc73e87f/worktools/gcc-linaro-6.3.1-2017.05-x86_64_aarch64-linux-gnu/bin/../libexec/gcc/aarch64-linux-gnu/6.3.1/:/media/air/6f43c45d-eb70-eb42-801a-ed77dc73e87f/worktools/gcc-linaro-6.3.1-2017.05-x86_64_aarch64-linux-gnu/bin/../libexec/gcc/aarch64-linux-gnu/:/media/air/6f43c45d-eb70-eb42-801a-ed77dc73e87f/worktools/gcc-linaro-6.3.1-2017.05-x86_64_aarch64-linux-gnu/bin/../libexec/gcc/:/media/air/6f43c45d-eb70-eb42-801a-ed77dc73e87f/worktools/gcc-linaro-6.3.1-2017.05-x86_64_aarch64-linux-gnu/bin/../lib/gcc/aarch64-linux-gnu/6.3.1/../../../../aarch64-linux-gnu/bin/
LIBRARY_PATH=/media/air/6f43c45d-eb70-eb42-801a-ed77dc73e87f/worktools/gcc-linaro-6.3.1-2017.05-x86_64_aarch64-linux-gnu/bin/../lib/gcc/aarch64-linux-gnu/6.3.1/:/media/air/6f43c45d-eb70-eb42-801a-ed77dc73e87f/worktools/gcc-linaro-6.3.1-2017.05-x86_64_aarch64-linux-gnu/bin/../lib/gcc/aarch64-linux-gnu/:/media/air/6f43c45d-eb70-eb42-801a-ed77dc73e87f/worktools/gcc-linaro-6.3.1-2017.05-x86_64_aarch64-linux-gnu/bin/../lib/gcc/:/media/air/6f43c45d-eb70-eb42-801a-ed77dc73e87f/worktools/gcc-linaro-6.3.1-2017.05-x86_64_aarch64-linux-gnu/bin/../lib/gcc/aarch64-linux-gnu/6.3.1/../../../../aarch64-linux-gnu/lib/../lib64/:/media/air/6f43c45d-eb70-eb42-801a-ed77dc73e87f/worktools/gcc-linaro-6.3.1-2017.05-x86_64_aarch64-linux-gnu/bin/../lib/gcc/aarch64-linux-gnu/6.3.1/../../../../aarch64-linux-gnu/lib/:/media/air/6f43c45d-eb70-eb42-801a-ed77dc73e87f/worktools/gcc-linaro-6.3.1-2017.05-x86_64_aarch64-linux-gnu/bin/../aarch64-linux-gnu/libc/lib/:/media/air/6f43c45d-eb70-eb42-801a-ed77dc73e87f/worktools/gcc-linaro-6.3.1-2017.05-x86_64_aarch64-linux-gnu/bin/../aarch64-linux-gnu/libc/usr/lib/
COLLECT_GCC_OPTIONS='-v' '-o' 'cmTC_920e0' '-rdynamic' '-march=armv8-a' '-mlittle-endian' '-mabi=lp64'
 /media/air/6f43c45d-eb70-eb42-801a-ed77dc73e87f/worktools/gcc-linaro-6.3.1-2017.05-x86_64_aarch64-linux-gnu/bin/../libexec/gcc/aarch64-linux-gnu/6.3.1/collect2 -plugin /media/air/6f43c45d-eb70-eb42-801a-ed77dc73e87f/worktools/gcc-linaro-6.3.1-2017.05-x86_64_aarch64-linux-gnu/bin/../libexec/gcc/aarch64-linux-gnu/6.3.1/liblto_plugin.so -plugin-opt=/media/air/6f43c45d-eb70-eb42-801a-ed77dc73e87f/worktools/gcc-linaro-6.3.1-2017.05-x86_64_aarch64-linux-gnu/bin/../libexec/gcc/aarch64-linux-gnu/6.3.1/lto-wrapper -plugin-opt=-fresolution=/tmp/ccunnULL.res -plugin-opt=-pass-through=-lgcc -plugin-opt=-pass-through=-lgcc_s -plugin-opt=-pass-through=-lc -plugin-opt=-pass-through=-lgcc -plugin-opt=-pass-through=-lgcc_s --sysroot=/media/air/6f43c45d-eb70-eb42-801a-ed77dc73e87f/worktools/gcc-linaro-6.3.1-2017.05-x86_64_aarch64-linux-gnu/bin/../aarch64-linux-gnu/libc --build-id --eh-frame-hdr -export-dynamic -dynamic-linker /lib/ld-linux-aarch64.so.1 -X -EL -maarch64linux --fix-cortex-a53-835769 --fix-cortex-a53-843419 -o cmTC_920e0 /media/air/6f43c45d-eb70-eb42-801a-ed77dc73e87f/worktools/gcc-linaro-6.3.1-2017.05-x86_64_aarch64-linux-gnu/bin/../aarch64-linux-gnu/libc/usr/lib/crt1.o /media/air/6f43c45d-eb70-eb42-801a-ed77dc73e87f/worktools/gcc-linaro-6.3.1-2017.05-x86_64_aarch64-linux-gnu/bin/../aarch64-linux-gnu/libc/usr/lib/crti.o /media/air/6f43c45d-eb70-eb42-801a-ed77dc73e87f/worktools/gcc-linaro-6.3.1-2017.05-x86_64_aarch64-linux-gnu/bin/../lib/gcc/aarch64-linux-gnu/6.3.1/crtbegin.o -L/media/air/6f43c45d-eb70-eb42-801a-ed77dc73e87f/worktools/gcc-linaro-6.3.1-2017.05-x86_64_aarch64-linux-gnu/bin/../lib/gcc/aarch64-linux-gnu/6.3.1 -L/media/air/6f43c45d-eb70-eb42-801a-ed77dc73e87f/worktools/gcc-linaro-6.3.1-2017.05-x86_64_aarch64-linux-gnu/bin/../lib/gcc/aarch64-linux-gnu -L/media/air/6f43c45d-eb70-eb42-801a-ed77dc73e87f/worktools/gcc-linaro-6.3.1-2017.05-x86_64_aarch64-linux-gnu/bin/../lib/gcc -L/media/air/6f43c45d-eb70-eb42-801a-ed77dc73e87f/worktools/gcc-linaro-6.3.1-2017.05-x86_64_aarch64-linux-gnu/bin/../lib/gcc/aarch64-linux-gnu/6.3.1/../../../../aarch64-linux-gnu/lib/../lib64 -L/media/air/6f43c45d-eb70-eb42-801a-ed77dc73e87f/worktools/gcc-linaro-6.3.1-2017.05-x86_64_aarch64-linux-gnu/bin/../lib/gcc/aarch64-linux-gnu/6.3.1/../../../../aarch64-linux-gnu/lib -L/media/air/6f43c45d-eb70-eb42-801a-ed77dc73e87f/worktools/gcc-linaro-6.3.1-2017.05-x86_64_aarch64-linux-gnu/bin/../aarch64-linux-gnu/libc/lib -L/media/air/6f43c45d-eb70-eb42-801a-ed77dc73e87f/worktools/gcc-linaro-6.3.1-2017.05-x86_64_aarch64-linux-gnu/bin/../aarch64-linux-gnu/libc/usr/lib CMakeFiles/cmTC_920e0.dir/CMakeCCompilerABI.c.o -lgcc --as-needed -lgcc_s --no-as-needed -lc -lgcc --as-needed -lgcc_s --no-as-needed /media/air/6f43c45d-eb70-eb42-801a-ed77dc73e87f/worktools/gcc-linaro-6.3.1-2017.05-x86_64_aarch64-linux-gnu/bin/../lib/gcc/aarch64-linux-gnu/6.3.1/crtend.o /media/air/6f43c45d-eb70-eb42-801a-ed77dc73e87f/worktools/gcc-linaro-6.3.1-2017.05-x86_64_aarch64-linux-gnu/bin/../aarch64-linux-gnu/libc/usr/lib/crtn.o
COLLECT_GCC_OPTIONS='-v' '-o' 'cmTC_920e0' '-rdynamic' '-march=armv8-a' '-mlittle-endian' '-mabi=lp64'
make[1]: Leaving directory '/media/air/6f43c45d-eb70-eb42-801a-ed77dc73e87f/armnn/armnn/build_arm64_caffe/CMakeFiles/CMakeTmp'


Parsed C implicit link information from above output:
  link line regex: [^( *|.*[/\])(ld|([^/\]+-)?ld|collect2)[^/\]*( |$)]
  ignore line: [Change Dir: /media/air/6f43c45d-eb70-eb42-801a-ed77dc73e87f/armnn/armnn/build_arm64_caffe/CMakeFiles/CMakeTmp]
  ignore line: []
  ignore line: [Run Build Command:"/usr/bin/make" "cmTC_920e0/fast"]
  ignore line: [/usr/bin/make -f CMakeFiles/cmTC_920e0.dir/build.make CMakeFiles/cmTC_920e0.dir/build]
  ignore line: [make[1]: Entering directory '/media/air/6f43c45d-eb70-eb42-801a-ed77dc73e87f/armnn/armnn/build_arm64_caffe/CMakeFiles/CMakeTmp']
  ignore line: [Building C object CMakeFiles/cmTC_920e0.dir/CMakeCCompilerABI.c.o]
  ignore line: [/media/air/6f43c45d-eb70-eb42-801a-ed77dc73e87f/worktools/gcc-linaro-6.3.1-2017.05-x86_64_aarch64-linux-gnu/bin/aarch64-linux-gnu-gcc     -o CMakeFiles/cmTC_920e0.dir/CMakeCCompilerABI.c.o   -c /usr/share/cmake-3.5/Modules/CMakeCCompilerABI.c]
  ignore line: [Linking C executable cmTC_920e0]
  ignore line: [/usr/bin/cmake -E cmake_link_script CMakeFiles/cmTC_920e0.dir/link.txt --verbose=1]
  ignore line: [/media/air/6f43c45d-eb70-eb42-801a-ed77dc73e87f/worktools/gcc-linaro-6.3.1-2017.05-x86_64_aarch64-linux-gnu/bin/aarch64-linux-gnu-gcc      -v CMakeFiles/cmTC_920e0.dir/CMakeCCompilerABI.c.o  -o cmTC_920e0 -rdynamic  ]
  ignore line: [Using built-in specs.]
  ignore line: [COLLECT_GCC=/media/air/6f43c45d-eb70-eb42-801a-ed77dc73e87f/worktools/gcc-linaro-6.3.1-2017.05-x86_64_aarch64-linux-gnu/bin/aarch64-linux-gnu-gcc]
  ignore line: [COLLECT_LTO_WRAPPER=/media/air/6f43c45d-eb70-eb42-801a-ed77dc73e87f/worktools/gcc-linaro-6.3.1-2017.05-x86_64_aarch64-linux-gnu/bin/../libexec/gcc/aarch64-linux-gnu/6.3.1/lto-wrapper]
  ignore line: [Target: aarch64-linux-gnu]
  ignore line: [Configured with: '/home/tcwg-buildslave/workspace/tcwg-make-release/builder_arch/amd64/label/tcwg-x86_64-build/target/aarch64-linux-gnu/snapshots/gcc.git~linaro-6.3-2017.05/configure' SHELL=/bin/bash --with-mpc=/home/tcwg-buildslave/workspace/tcwg-make-release/builder_arch/amd64/label/tcwg-x86_64-build/target/aarch64-linux-gnu/_build/builds/destdir/x86_64-unknown-linux-gnu --with-mpfr=/home/tcwg-buildslave/workspace/tcwg-make-release/builder_arch/amd64/label/tcwg-x86_64-build/target/aarch64-linux-gnu/_build/builds/destdir/x86_64-unknown-linux-gnu --with-gmp=/home/tcwg-buildslave/workspace/tcwg-make-release/builder_arch/amd64/label/tcwg-x86_64-build/target/aarch64-linux-gnu/_build/builds/destdir/x86_64-unknown-linux-gnu --with-gnu-as --with-gnu-ld --disable-libmudflap --enable-lto --enable-shared --without-included-gettext --enable-nls --disable-sjlj-exceptions --enable-gnu-unique-object --enable-linker-build-id --disable-libstdcxx-pch --enable-c99 --enable-clocale=gnu --enable-libstdcxx-debug --enable-long-long --with-cloog=no --with-ppl=no --with-isl=no --disable-multilib --enable-fix-cortex-a53-835769 --enable-fix-cortex-a53-843419 --with-arch=armv8-a --enable-threads=posix --enable-multiarch --enable-libstdcxx-time=yes --enable-gnu-indirect-function --with-build-sysroot=/home/tcwg-buildslave/workspace/tcwg-make-release/builder_arch/amd64/label/tcwg-x86_64-build/target/aarch64-linux-gnu/_build/sysroots/aarch64-linux-gnu --with-sysroot=/home/tcwg-buildslave/workspace/tcwg-make-release/builder_arch/amd64/label/tcwg-x86_64-build/target/aarch64-linux-gnu/_build/builds/destdir/x86_64-unknown-linux-gnu/aarch64-linux-gnu/libc --enable-checking=release --disable-bootstrap --enable-languages=c,c++,fortran,lto --build=x86_64-unknown-linux-gnu --host=x86_64-unknown-linux-gnu --target=aarch64-linux-gnu --prefix=/home/tcwg-buildslave/workspace/tcwg-make-release/builder_arch/amd64/label/tcwg-x86_64-build/target/aarch64-linux-gnu/_build/builds/destdir/x86_64-unknown-linux-gnu]
  ignore line: [Thread model: posix]
  ignore line: [gcc version 6.3.1 20170404 (Linaro GCC 6.3-2017.05) ]
  ignore line: [COMPILER_PATH=/media/air/6f43c45d-eb70-eb42-801a-ed77dc73e87f/worktools/gcc-linaro-6.3.1-2017.05-x86_64_aarch64-linux-gnu/bin/../libexec/gcc/aarch64-linux-gnu/6.3.1/:/media/air/6f43c45d-eb70-eb42-801a-ed77dc73e87f/worktools/gcc-linaro-6.3.1-2017.05-x86_64_aarch64-linux-gnu/bin/../libexec/gcc/aarch64-linux-gnu/:/media/air/6f43c45d-eb70-eb42-801a-ed77dc73e87f/worktools/gcc-linaro-6.3.1-2017.05-x86_64_aarch64-linux-gnu/bin/../libexec/gcc/:/media/air/6f43c45d-eb70-eb42-801a-ed77dc73e87f/worktools/gcc-linaro-6.3.1-2017.05-x86_64_aarch64-linux-gnu/bin/../lib/gcc/aarch64-linux-gnu/6.3.1/../../../../aarch64-linux-gnu/bin/]
  ignore line: [LIBRARY_PATH=/media/air/6f43c45d-eb70-eb42-801a-ed77dc73e87f/worktools/gcc-linaro-6.3.1-2017.05-x86_64_aarch64-linux-gnu/bin/../lib/gcc/aarch64-linux-gnu/6.3.1/:/media/air/6f43c45d-eb70-eb42-801a-ed77dc73e87f/worktools/gcc-linaro-6.3.1-2017.05-x86_64_aarch64-linux-gnu/bin/../lib/gcc/aarch64-linux-gnu/:/media/air/6f43c45d-eb70-eb42-801a-ed77dc73e87f/worktools/gcc-linaro-6.3.1-2017.05-x86_64_aarch64-linux-gnu/bin/../lib/gcc/:/media/air/6f43c45d-eb70-eb42-801a-ed77dc73e87f/worktools/gcc-linaro-6.3.1-2017.05-x86_64_aarch64-linux-gnu/bin/../lib/gcc/aarch64-linux-gnu/6.3.1/../../../../aarch64-linux-gnu/lib/../lib64/:/media/air/6f43c45d-eb70-eb42-801a-ed77dc73e87f/worktools/gcc-linaro-6.3.1-2017.05-x86_64_aarch64-linux-gnu/bin/../lib/gcc/aarch64-linux-gnu/6.3.1/../../../../aarch64-linux-gnu/lib/:/media/air/6f43c45d-eb70-eb42-801a-ed77dc73e87f/worktools/gcc-linaro-6.3.1-2017.05-x86_64_aarch64-linux-gnu/bin/../aarch64-linux-gnu/libc/lib/:/media/air/6f43c45d-eb70-eb42-801a-ed77dc73e87f/worktools/gcc-linaro-6.3.1-2017.05-x86_64_aarch64-linux-gnu/bin/../aarch64-linux-gnu/libc/usr/lib/]
  ignore line: [COLLECT_GCC_OPTIONS='-v' '-o' 'cmTC_920e0' '-rdynamic' '-march=armv8-a' '-mlittle-endian' '-mabi=lp64']
  link line: [ /media/air/6f43c45d-eb70-eb42-801a-ed77dc73e87f/worktools/gcc-linaro-6.3.1-2017.05-x86_64_aarch64-linux-gnu/bin/../libexec/gcc/aarch64-linux-gnu/6.3.1/collect2 -plugin /media/air/6f43c45d-eb70-eb42-801a-ed77dc73e87f/worktools/gcc-linaro-6.3.1-2017.05-x86_64_aarch64-linux-gnu/bin/../libexec/gcc/aarch64-linux-gnu/6.3.1/liblto_plugin.so -plugin-opt=/media/air/6f43c45d-eb70-eb42-801a-ed77dc73e87f/worktools/gcc-linaro-6.3.1-2017.05-x86_64_aarch64-linux-gnu/bin/../libexec/gcc/aarch64-linux-gnu/6.3.1/lto-wrapper -plugin-opt=-fresolution=/tmp/ccunnULL.res -plugin-opt=-pass-through=-lgcc -plugin-opt=-pass-through=-lgcc_s -plugin-opt=-pass-through=-lc -plugin-opt=-pass-through=-lgcc -plugin-opt=-pass-through=-lgcc_s --sysroot=/media/air/6f43c45d-eb70-eb42-801a-ed77dc73e87f/worktools/gcc-linaro-6.3.1-2017.05-x86_64_aarch64-linux-gnu/bin/../aarch64-linux-gnu/libc --build-id --eh-frame-hdr -export-dynamic -dynamic-linker /lib/ld-linux-aarch64.so.1 -X -EL -maarch64linux --fix-cortex-a53-835769 --fix-cortex-a53-843419 -o cmTC_920e0 /media/air/6f43c45d-eb70-eb42-801a-ed77dc73e87f/worktools/gcc-linaro-6.3.1-2017.05-x86_64_aarch64-linux-gnu/bin/../aarch64-linux-gnu/libc/usr/lib/crt1.o /media/air/6f43c45d-eb70-eb42-801a-ed77dc73e87f/worktools/gcc-linaro-6.3.1-2017.05-x86_64_aarch64-linux-gnu/bin/../aarch64-linux-gnu/libc/usr/lib/crti.o /media/air/6f43c45d-eb70-eb42-801a-ed77dc73e87f/worktools/gcc-linaro-6.3.1-2017.05-x86_64_aarch64-linux-gnu/bin/../lib/gcc/aarch64-linux-gnu/6.3.1/crtbegin.o -L/media/air/6f43c45d-eb70-eb42-801a-ed77dc73e87f/worktools/gcc-linaro-6.3.1-2017.05-x86_64_aarch64-linux-gnu/bin/../lib/gcc/aarch64-linux-gnu/6.3.1 -L/media/air/6f43c45d-eb70-eb42-801a-ed77dc73e87f/worktools/gcc-linaro-6.3.1-2017.05-x86_64_aarch64-linux-gnu/bin/../lib/gcc/aarch64-linux-gnu -L/media/air/6f43c45d-eb70-eb42-801a-ed77dc73e87f/worktools/gcc-linaro-6.3.1-2017.05-x86_64_aarch64-linux-gnu/bin/../lib/gcc -L/media/air/6f43c45d-eb70-eb42-801a-ed77dc73e87f/worktools/gcc-linaro-6.3.1-2017.05-x86_64_aarch64-linux-gnu/bin/../lib/gcc/aarch64-linux-gnu/6.3.1/../../../../aarch64-linux-gnu/lib/../lib64 -L/media/air/6f43c45d-eb70-eb42-801a-ed77dc73e87f/worktools/gcc-linaro-6.3.1-2017.05-x86_64_aarch64-linux-gnu/bin/../lib/gcc/aarch64-linux-gnu/6.3.1/../../../../aarch64-linux-gnu/lib -L/media/air/6f43c45d-eb70-eb42-801a-ed77dc73e87f/worktools/gcc-linaro-6.3.1-2017.05-x86_64_aarch64-linux-gnu/bin/../aarch64-linux-gnu/libc/lib -L/media/air/6f43c45d-eb70-eb42-801a-ed77dc73e87f/worktools/gcc-linaro-6.3.1-2017.05-x86_64_aarch64-linux-gnu/bin/../aarch64-linux-gnu/libc/usr/lib CMakeFiles/cmTC_920e0.dir/CMakeCCompilerABI.c.o -lgcc --as-needed -lgcc_s --no-as-needed -lc -lgcc --as-needed -lgcc_s --no-as-needed /media/air/6f43c45d-eb70-eb42-801a-ed77dc73e87f/worktools/gcc-linaro-6.3.1-2017.05-x86_64_aarch64-linux-gnu/bin/../lib/gcc/aarch64-linux-gnu/6.3.1/crtend.o /media/air/6f43c45d-eb70-eb42-801a-ed77dc73e87f/worktools/gcc-linaro-6.3.1-2017.05-x86_64_aarch64-linux-gnu/bin/../aarch64-linux-gnu/libc/usr/lib/crtn.o]
    arg [/media/air/6f43c45d-eb70-eb42-801a-ed77dc73e87f/worktools/gcc-linaro-6.3.1-2017.05-x86_64_aarch64-linux-gnu/bin/../libexec/gcc/aarch64-linux-gnu/6.3.1/collect2] ==> ignore
    arg [-plugin] ==> ignore
    arg [/media/air/6f43c45d-eb70-eb42-801a-ed77dc73e87f/worktools/gcc-linaro-6.3.1-2017.05-x86_64_aarch64-linux-gnu/bin/../libexec/gcc/aarch64-linux-gnu/6.3.1/liblto_plugin.so] ==> ignore
    arg [-plugin-opt=/media/air/6f43c45d-eb70-eb42-801a-ed77dc73e87f/worktools/gcc-linaro-6.3.1-2017.05-x86_64_aarch64-linux-gnu/bin/../libexec/gcc/aarch64-linux-gnu/6.3.1/lto-wrapper] ==> ignore
    arg [-plugin-opt=-fresolution=/tmp/ccunnULL.res] ==> ignore
    arg [-plugin-opt=-pass-through=-lgcc] ==> ignore
    arg [-plugin-opt=-pass-through=-lgcc_s] ==> ignore
    arg [-plugin-opt=-pass-through=-lc] ==> ignore
    arg [-plugin-opt=-pass-through=-lgcc] ==> ignore
    arg [-plugin-opt=-pass-through=-lgcc_s] ==> ignore
    arg [--sysroot=/media/air/6f43c45d-eb70-eb42-801a-ed77dc73e87f/worktools/gcc-linaro-6.3.1-2017.05-x86_64_aarch64-linux-gnu/bin/../aarch64-linux-gnu/libc] ==> ignore
    arg [--build-id] ==> ignore
    arg [--eh-frame-hdr] ==> ignore
    arg [-export-dynamic] ==> ignore
    arg [-dynamic-linker] ==> ignore
    arg [/lib/ld-linux-aarch64.so.1] ==> ignore
    arg [-X] ==> ignore
    arg [-EL] ==> ignore
    arg [-maarch64linux] ==> ignore
    arg [--fix-cortex-a53-835769] ==> ignore
    arg [--fix-cortex-a53-843419] ==> ignore
    arg [-o] ==> ignore
    arg [cmTC_920e0] ==> ignore
    arg [/media/air/6f43c45d-eb70-eb42-801a-ed77dc73e87f/worktools/gcc-linaro-6.3.1-2017.05-x86_64_aarch64-linux-gnu/bin/../aarch64-linux-gnu/libc/usr/lib/crt1.o] ==> ignore
    arg [/media/air/6f43c45d-eb70-eb42-801a-ed77dc73e87f/worktools/gcc-linaro-6.3.1-2017.05-x86_64_aarch64-linux-gnu/bin/../aarch64-linux-gnu/libc/usr/lib/crti.o] ==> ignore
    arg [/media/air/6f43c45d-eb70-eb42-801a-ed77dc73e87f/worktools/gcc-linaro-6.3.1-2017.05-x86_64_aarch64-linux-gnu/bin/../lib/gcc/aarch64-linux-gnu/6.3.1/crtbegin.o] ==> ignore
    arg [-L/media/air/6f43c45d-eb70-eb42-801a-ed77dc73e87f/worktools/gcc-linaro-6.3.1-2017.05-x86_64_aarch64-linux-gnu/bin/../lib/gcc/aarch64-linux-gnu/6.3.1] ==> dir [/media/air/6f43c45d-eb70-eb42-801a-ed77dc73e87f/worktools/gcc-linaro-6.3.1-2017.05-x86_64_aarch64-linux-gnu/bin/../lib/gcc/aarch64-linux-gnu/6.3.1]
    arg [-L/media/air/6f43c45d-eb70-eb42-801a-ed77dc73e87f/worktools/gcc-linaro-6.3.1-2017.05-x86_64_aarch64-linux-gnu/bin/../lib/gcc/aarch64-linux-gnu] ==> dir [/media/air/6f43c45d-eb70-eb42-801a-ed77dc73e87f/worktools/gcc-linaro-6.3.1-2017.05-x86_64_aarch64-linux-gnu/bin/../lib/gcc/aarch64-linux-gnu]
    arg [-L/media/air/6f43c45d-eb70-eb42-801a-ed77dc73e87f/worktools/gcc-linaro-6.3.1-2017.05-x86_64_aarch64-linux-gnu/bin/../lib/gcc] ==> dir [/media/air/6f43c45d-eb70-eb42-801a-ed77dc73e87f/worktools/gcc-linaro-6.3.1-2017.05-x86_64_aarch64-linux-gnu/bin/../lib/gcc]
    arg [-L/media/air/6f43c45d-eb70-eb42-801a-ed77dc73e87f/worktools/gcc-linaro-6.3.1-2017.05-x86_64_aarch64-linux-gnu/bin/../lib/gcc/aarch64-linux-gnu/6.3.1/../../../../aarch64-linux-gnu/lib/../lib64] ==> dir [/media/air/6f43c45d-eb70-eb42-801a-ed77dc73e87f/worktools/gcc-linaro-6.3.1-2017.05-x86_64_aarch64-linux-gnu/bin/../lib/gcc/aarch64-linux-gnu/6.3.1/../../../../aarch64-linux-gnu/lib/../lib64]
    arg [-L/media/air/6f43c45d-eb70-eb42-801a-ed77dc73e87f/worktools/gcc-linaro-6.3.1-2017.05-x86_64_aarch64-linux-gnu/bin/../lib/gcc/aarch64-linux-gnu/6.3.1/../../../../aarch64-linux-gnu/lib] ==> dir [/media/air/6f43c45d-eb70-eb42-801a-ed77dc73e87f/worktools/gcc-linaro-6.3.1-2017.05-x86_64_aarch64-linux-gnu/bin/../lib/gcc/aarch64-linux-gnu/6.3.1/../../../../aarch64-linux-gnu/lib]
    arg [-L/media/air/6f43c45d-eb70-eb42-801a-ed77dc73e87f/worktools/gcc-linaro-6.3.1-2017.05-x86_64_aarch64-linux-gnu/bin/../aarch64-linux-gnu/libc/lib] ==> dir [/media/air/6f43c45d-eb70-eb42-801a-ed77dc73e87f/worktools/gcc-linaro-6.3.1-2017.05-x86_64_aarch64-linux-gnu/bin/../aarch64-linux-gnu/libc/lib]
    arg [-L/media/air/6f43c45d-eb70-eb42-801a-ed77dc73e87f/worktools/gcc-linaro-6.3.1-2017.05-x86_64_aarch64-linux-gnu/bin/../aarch64-linux-gnu/libc/usr/lib] ==> dir [/media/air/6f43c45d-eb70-eb42-801a-ed77dc73e87f/worktools/gcc-linaro-6.3.1-2017.05-x86_64_aarch64-linux-gnu/bin/../aarch64-linux-gnu/libc/usr/lib]
    arg [CMakeFiles/cmTC_920e0.dir/CMakeCCompilerABI.c.o] ==> ignore
    arg [-lgcc] ==> lib [gcc]
    arg [--as-needed] ==> ignore
    arg [-lgcc_s] ==> lib [gcc_s]
    arg [--no-as-needed] ==> ignore
    arg [-lc] ==> lib [c]
    arg [-lgcc] ==> lib [gcc]
    arg [--as-needed] ==> ignore
    arg [-lgcc_s] ==> lib [gcc_s]
    arg [--no-as-needed] ==> ignore
    arg [/media/air/6f43c45d-eb70-eb42-801a-ed77dc73e87f/worktools/gcc-linaro-6.3.1-2017.05-x86_64_aarch64-linux-gnu/bin/../lib/gcc/aarch64-linux-gnu/6.3.1/crtend.o] ==> ignore
    arg [/media/air/6f43c45d-eb70-eb42-801a-ed77dc73e87f/worktools/gcc-linaro-6.3.1-2017.05-x86_64_aarch64-linux-gnu/bin/../aarch64-linux-gnu/libc/usr/lib/crtn.o] ==> ignore
  remove lib [gcc]
  remove lib [gcc_s]
  remove lib [gcc]
  remove lib [gcc_s]
  collapse library dir [/media/air/6f43c45d-eb70-eb42-801a-ed77dc73e87f/worktools/gcc-linaro-6.3.1-2017.05-x86_64_aarch64-linux-gnu/bin/../lib/gcc/aarch64-linux-gnu/6.3.1] ==> [/media/air/6f43c45d-eb70-eb42-801a-ed77dc73e87f/worktools/gcc-linaro-6.3.1-2017.05-x86_64_aarch64-linux-gnu/lib/gcc/aarch64-linux-gnu/6.3.1]
  collapse library dir [/media/air/6f43c45d-eb70-eb42-801a-ed77dc73e87f/worktools/gcc-linaro-6.3.1-2017.05-x86_64_aarch64-linux-gnu/bin/../lib/gcc/aarch64-linux-gnu] ==> [/media/air/6f43c45d-eb70-eb42-801a-ed77dc73e87f/worktools/gcc-linaro-6.3.1-2017.05-x86_64_aarch64-linux-gnu/lib/gcc/aarch64-linux-gnu]
  collapse library dir [/media/air/6f43c45d-eb70-eb42-801a-ed77dc73e87f/worktools/gcc-linaro-6.3.1-2017.05-x86_64_aarch64-linux-gnu/bin/../lib/gcc] ==> [/media/air/6f43c45d-eb70-eb42-801a-ed77dc73e87f/worktools/gcc-linaro-6.3.1-2017.05-x86_64_aarch64-linux-gnu/lib/gcc]
  collapse library dir [/media/air/6f43c45d-eb70-eb42-801a-ed77dc73e87f/worktools/gcc-linaro-6.3.1-2017.05-x86_64_aarch64-linux-gnu/bin/../lib/gcc/aarch64-linux-gnu/6.3.1/../../../../aarch64-linux-gnu/lib/../lib64] ==> [/media/air/6f43c45d-eb70-eb42-801a-ed77dc73e87f/worktools/gcc-linaro-6.3.1-2017.05-x86_64_aarch64-linux-gnu/aarch64-linux-gnu/lib64]
  collapse library dir [/media/air/6f43c45d-eb70-eb42-801a-ed77dc73e87f/worktools/gcc-linaro-6.3.1-2017.05-x86_64_aarch64-linux-gnu/bin/../lib/gcc/aarch64-linux-gnu/6.3.1/../../../../aarch64-linux-gnu/lib] ==> [/media/air/6f43c45d-eb70-eb42-801a-ed77dc73e87f/worktools/gcc-linaro-6.3.1-2017.05-x86_64_aarch64-linux-gnu/aarch64-linux-gnu/lib]
  collapse library dir [/media/air/6f43c45d-eb70-eb42-801a-ed77dc73e87f/worktools/gcc-linaro-6.3.1-2017.05-x86_64_aarch64-linux-gnu/bin/../aarch64-linux-gnu/libc/lib] ==> [/media/air/6f43c45d-eb70-eb42-801a-ed77dc73e87f/worktools/gcc-linaro-6.3.1-2017.05-x86_64_aarch64-linux-gnu/aarch64-linux-gnu/libc/lib]
  collapse library dir [/media/air/6f43c45d-eb70-eb42-801a-ed77dc73e87f/worktools/gcc-linaro-6.3.1-2017.05-x86_64_aarch64-linux-gnu/bin/../aarch64-linux-gnu/libc/usr/lib] ==> [/media/air/6f43c45d-eb70-eb42-801a-ed77dc73e87f/worktools/gcc-linaro-6.3.1-2017.05-x86_64_aarch64-linux-gnu/aarch64-linux-gnu/libc/usr/lib]
  implicit libs: [c]
  implicit dirs: [/media/air/6f43c45d-eb70-eb42-801a-ed77dc73e87f/worktools/gcc-linaro-6.3.1-2017.05-x86_64_aarch64-linux-gnu/lib/gcc/aarch64-linux-gnu/6.3.1;/media/air/6f43c45d-eb70-eb42-801a-ed77dc73e87f/worktools/gcc-linaro-6.3.1-2017.05-x86_64_aarch64-linux-gnu/lib/gcc/aarch64-linux-gnu;/media/air/6f43c45d-eb70-eb42-801a-ed77dc73e87f/worktools/gcc-linaro-6.3.1-2017.05-x86_64_aarch64-linux-gnu/lib/gcc;/media/air/6f43c45d-eb70-eb42-801a-ed77dc73e87f/worktools/gcc-linaro-6.3.1-2017.05-x86_64_aarch64-linux-gnu/aarch64-linux-gnu/lib64;/media/air/6f43c45d-eb70-eb42-801a-ed77dc73e87f/worktools/gcc-linaro-6.3.1-2017.05-x86_64_aarch64-linux-gnu/aarch64-linux-gnu/lib;/media/air/6f43c45d-eb70-eb42-801a-ed77dc73e87f/worktools/gcc-linaro-6.3.1-2017.05-x86_64_aarch64-linux-gnu/aarch64-linux-gnu/libc/lib;/media/air/6f43c45d-eb70-eb42-801a-ed77dc73e87f/worktools/gcc-linaro-6.3.1-2017.05-x86_64_aarch64-linux-gnu/aarch64-linux-gnu/libc/usr/lib]
  implicit fwks: []




Detecting C [-std=c11] compiler features compiled with the following output:
Change Dir: /media/air/6f43c45d-eb70-eb42-801a-ed77dc73e87f/armnn/armnn/build_arm64_caffe/CMakeFiles/CMakeTmp

Run Build Command:"/usr/bin/make" "cmTC_1f499/fast"
/usr/bin/make -f CMakeFiles/cmTC_1f499.dir/build.make CMakeFiles/cmTC_1f499.dir/build
make[1]: Entering directory '/media/air/6f43c45d-eb70-eb42-801a-ed77dc73e87f/armnn/armnn/build_arm64_caffe/CMakeFiles/CMakeTmp'
Building C object CMakeFiles/cmTC_1f499.dir/feature_tests.c.o
/media/air/6f43c45d-eb70-eb42-801a-ed77dc73e87f/worktools/gcc-linaro-6.3.1-2017.05-x86_64_aarch64-linux-gnu/bin/aarch64-linux-gnu-gcc    -std=c11 -o CMakeFiles/cmTC_1f499.dir/feature_tests.c.o   -c /media/air/6f43c45d-eb70-eb42-801a-ed77dc73e87f/armnn/armnn/build_arm64_caffe/CMakeFiles/feature_tests.c
Linking C executable cmTC_1f499
/usr/bin/cmake -E cmake_link_script CMakeFiles/cmTC_1f499.dir/link.txt --verbose=1
/media/air/6f43c45d-eb70-eb42-801a-ed77dc73e87f/worktools/gcc-linaro-6.3.1-2017.05-x86_64_aarch64-linux-gnu/bin/aarch64-linux-gnu-gcc       CMakeFiles/cmTC_1f499.dir/feature_tests.c.o  -o cmTC_1f499 -rdynamic 
make[1]: Leaving directory '/media/air/6f43c45d-eb70-eb42-801a-ed77dc73e87f/armnn/armnn/build_arm64_caffe/CMakeFiles/CMakeTmp'


    Feature record: C_FEATURE:1c_function_prototypes
    Feature record: C_FEATURE:1c_restrict
    Feature record: C_FEATURE:1c_static_assert
    Feature record: C_FEATURE:1c_variadic_macros


Detecting C [-std=c99] compiler features compiled with the following output:
Change Dir: /media/air/6f43c45d-eb70-eb42-801a-ed77dc73e87f/armnn/armnn/build_arm64_caffe/CMakeFiles/CMakeTmp

Run Build Command:"/usr/bin/make" "cmTC_eaeee/fast"
/usr/bin/make -f CMakeFiles/cmTC_eaeee.dir/build.make CMakeFiles/cmTC_eaeee.dir/build
make[1]: Entering directory '/media/air/6f43c45d-eb70-eb42-801a-ed77dc73e87f/armnn/armnn/build_arm64_caffe/CMakeFiles/CMakeTmp'
Building C object CMakeFiles/cmTC_eaeee.dir/feature_tests.c.o
/media/air/6f43c45d-eb70-eb42-801a-ed77dc73e87f/worktools/gcc-linaro-6.3.1-2017.05-x86_64_aarch64-linux-gnu/bin/aarch64-linux-gnu-gcc    -std=c99 -o CMakeFiles/cmTC_eaeee.dir/feature_tests.c.o   -c /media/air/6f43c45d-eb70-eb42-801a-ed77dc73e87f/armnn/armnn/build_arm64_caffe/CMakeFiles/feature_tests.c
Linking C executable cmTC_eaeee
/usr/bin/cmake -E cmake_link_script CMakeFiles/cmTC_eaeee.dir/link.txt --verbose=1
/media/air/6f43c45d-eb70-eb42-801a-ed77dc73e87f/worktools/gcc-linaro-6.3.1-2017.05-x86_64_aarch64-linux-gnu/bin/aarch64-linux-gnu-gcc       CMakeFiles/cmTC_eaeee.dir/feature_tests.c.o  -o cmTC_eaeee -rdynamic 
make[1]: Leaving directory '/media/air/6f43c45d-eb70-eb42-801a-ed77dc73e87f/armnn/armnn/build_arm64_caffe/CMakeFiles/CMakeTmp'


    Feature record: C_FEATURE:1c_function_prototypes
    Feature record: C_FEATURE:1c_restrict
    Feature record: C_FEATURE:0c_static_assert
    Feature record: C_FEATURE:1c_variadic_macros


Detecting C [-std=c90] compiler features compiled with the following output:
Change Dir: /media/air/6f43c45d-eb70-eb42-801a-ed77dc73e87f/armnn/armnn/build_arm64_caffe/CMakeFiles/CMakeTmp

Run Build Command:"/usr/bin/make" "cmTC_0a0ef/fast"
/usr/bin/make -f CMakeFiles/cmTC_0a0ef.dir/build.make CMakeFiles/cmTC_0a0ef.dir/build
make[1]: Entering directory '/media/air/6f43c45d-eb70-eb42-801a-ed77dc73e87f/armnn/armnn/build_arm64_caffe/CMakeFiles/CMakeTmp'
Building C object CMakeFiles/cmTC_0a0ef.dir/feature_tests.c.o
/media/air/6f43c45d-eb70-eb42-801a-ed77dc73e87f/worktools/gcc-linaro-6.3.1-2017.05-x86_64_aarch64-linux-gnu/bin/aarch64-linux-gnu-gcc    -std=c90 -o CMakeFiles/cmTC_0a0ef.dir/feature_tests.c.o   -c /media/air/6f43c45d-eb70-eb42-801a-ed77dc73e87f/armnn/armnn/build_arm64_caffe/CMakeFiles/feature_tests.c
Linking C executable cmTC_0a0ef
/usr/bin/cmake -E cmake_link_script CMakeFiles/cmTC_0a0ef.dir/link.txt --verbose=1
/media/air/6f43c45d-eb70-eb42-801a-ed77dc73e87f/worktools/gcc-linaro-6.3.1-2017.05-x86_64_aarch64-linux-gnu/bin/aarch64-linux-gnu-gcc       CMakeFiles/cmTC_0a0ef.dir/feature_tests.c.o  -o cmTC_0a0ef -rdynamic 
make[1]: Leaving directory '/media/air/6f43c45d-eb70-eb42-801a-ed77dc73e87f/armnn/armnn/build_arm64_caffe/CMakeFiles/CMakeTmp'


    Feature record: C_FEATURE:1c_function_prototypes
    Feature record: C_FEATURE:0c_restrict
    Feature record: C_FEATURE:0c_static_assert
    Feature record: C_FEATURE:0c_variadic_macros
Determining if the CXX compiler works passed with the following output:
Change Dir: /media/air/6f43c45d-eb70-eb42-801a-ed77dc73e87f/armnn/armnn/build_arm64_caffe/CMakeFiles/CMakeTmp

Run Build Command:"/usr/bin/make" "cmTC_40aa8/fast"
/usr/bin/make -f CMakeFiles/cmTC_40aa8.dir/build.make CMakeFiles/cmTC_40aa8.dir/build
make[1]: Entering directory '/media/air/6f43c45d-eb70-eb42-801a-ed77dc73e87f/armnn/armnn/build_arm64_caffe/CMakeFiles/CMakeTmp'
Building CXX object CMakeFiles/cmTC_40aa8.dir/testCXXCompiler.cxx.o
/media/air/6f43c45d-eb70-eb42-801a-ed77dc73e87f/worktools/gcc-linaro-6.3.1-2017.05-x86_64_aarch64-linux-gnu/bin/aarch64-linux-gnu-g++      -o CMakeFiles/cmTC_40aa8.dir/testCXXCompiler.cxx.o -c /media/air/6f43c45d-eb70-eb42-801a-ed77dc73e87f/armnn/armnn/build_arm64_caffe/CMakeFiles/CMakeTmp/testCXXCompiler.cxx
Linking CXX executable cmTC_40aa8
/usr/bin/cmake -E cmake_link_script CMakeFiles/cmTC_40aa8.dir/link.txt --verbose=1
/media/air/6f43c45d-eb70-eb42-801a-ed77dc73e87f/worktools/gcc-linaro-6.3.1-2017.05-x86_64_aarch64-linux-gnu/bin/aarch64-linux-gnu-g++        CMakeFiles/cmTC_40aa8.dir/testCXXCompiler.cxx.o  -o cmTC_40aa8 -rdynamic 
make[1]: Leaving directory '/media/air/6f43c45d-eb70-eb42-801a-ed77dc73e87f/armnn/armnn/build_arm64_caffe/CMakeFiles/CMakeTmp'


Detecting CXX compiler ABI info compiled with the following output:
Change Dir: /media/air/6f43c45d-eb70-eb42-801a-ed77dc73e87f/armnn/armnn/build_arm64_caffe/CMakeFiles/CMakeTmp

Run Build Command:"/usr/bin/make" "cmTC_de895/fast"
/usr/bin/make -f CMakeFiles/cmTC_de895.dir/build.make CMakeFiles/cmTC_de895.dir/build
make[1]: Entering directory '/media/air/6f43c45d-eb70-eb42-801a-ed77dc73e87f/armnn/armnn/build_arm64_caffe/CMakeFiles/CMakeTmp'
Building CXX object CMakeFiles/cmTC_de895.dir/CMakeCXXCompilerABI.cpp.o
/media/air/6f43c45d-eb70-eb42-801a-ed77dc73e87f/worktools/gcc-linaro-6.3.1-2017.05-x86_64_aarch64-linux-gnu/bin/aarch64-linux-gnu-g++      -o CMakeFiles/cmTC_de895.dir/CMakeCXXCompilerABI.cpp.o -c /usr/share/cmake-3.5/Modules/CMakeCXXCompilerABI.cpp
Linking CXX executable cmTC_de895
/usr/bin/cmake -E cmake_link_script CMakeFiles/cmTC_de895.dir/link.txt --verbose=1
/media/air/6f43c45d-eb70-eb42-801a-ed77dc73e87f/worktools/gcc-linaro-6.3.1-2017.05-x86_64_aarch64-linux-gnu/bin/aarch64-linux-gnu-g++       -v CMakeFiles/cmTC_de895.dir/CMakeCXXCompilerABI.cpp.o  -o cmTC_de895 -rdynamic  
Using built-in specs.
COLLECT_GCC=/media/air/6f43c45d-eb70-eb42-801a-ed77dc73e87f/worktools/gcc-linaro-6.3.1-2017.05-x86_64_aarch64-linux-gnu/bin/aarch64-linux-gnu-g++
COLLECT_LTO_WRAPPER=/media/air/6f43c45d-eb70-eb42-801a-ed77dc73e87f/worktools/gcc-linaro-6.3.1-2017.05-x86_64_aarch64-linux-gnu/bin/../libexec/gcc/aarch64-linux-gnu/6.3.1/lto-wrapper
Target: aarch64-linux-gnu
Configured with: '/home/tcwg-buildslave/workspace/tcwg-make-release/builder_arch/amd64/label/tcwg-x86_64-build/target/aarch64-linux-gnu/snapshots/gcc.git~linaro-6.3-2017.05/configure' SHELL=/bin/bash --with-mpc=/home/tcwg-buildslave/workspace/tcwg-make-release/builder_arch/amd64/label/tcwg-x86_64-build/target/aarch64-linux-gnu/_build/builds/destdir/x86_64-unknown-linux-gnu --with-mpfr=/home/tcwg-buildslave/workspace/tcwg-make-release/builder_arch/amd64/label/tcwg-x86_64-build/target/aarch64-linux-gnu/_build/builds/destdir/x86_64-unknown-linux-gnu --with-gmp=/home/tcwg-buildslave/workspace/tcwg-make-release/builder_arch/amd64/label/tcwg-x86_64-build/target/aarch64-linux-gnu/_build/builds/destdir/x86_64-unknown-linux-gnu --with-gnu-as --with-gnu-ld --disable-libmudflap --enable-lto --enable-shared --without-included-gettext --enable-nls --disable-sjlj-exceptions --enable-gnu-unique-object --enable-linker-build-id --disable-libstdcxx-pch --enable-c99 --enable-clocale=gnu --enable-libstdcxx-debug --enable-long-long --with-cloog=no --with-ppl=no --with-isl=no --disable-multilib --enable-fix-cortex-a53-835769 --enable-fix-cortex-a53-843419 --with-arch=armv8-a --enable-threads=posix --enable-multiarch --enable-libstdcxx-time=yes --enable-gnu-indirect-function --with-build-sysroot=/home/tcwg-buildslave/workspace/tcwg-make-release/builder_arch/amd64/label/tcwg-x86_64-build/target/aarch64-linux-gnu/_build/sysroots/aarch64-linux-gnu --with-sysroot=/home/tcwg-buildslave/workspace/tcwg-make-release/builder_arch/amd64/label/tcwg-x86_64-build/target/aarch64-linux-gnu/_build/builds/destdir/x86_64-unknown-linux-gnu/aarch64-linux-gnu/libc --enable-checking=release --disable-bootstrap --enable-languages=c,c++,fortran,lto --build=x86_64-unknown-linux-gnu --host=x86_64-unknown-linux-gnu --target=aarch64-linux-gnu --prefix=/home/tcwg-buildslave/workspace/tcwg-make-release/builder_arch/amd64/label/tcwg-x86_64-build/target/aarch64-linux-gnu/_build/builds/destdir/x86_64-unknown-linux-gnu
Thread model: posix
gcc version 6.3.1 20170404 (Linaro GCC 6.3-2017.05) 
COMPILER_PATH=/media/air/6f43c45d-eb70-eb42-801a-ed77dc73e87f/worktools/gcc-linaro-6.3.1-2017.05-x86_64_aarch64-linux-gnu/bin/../libexec/gcc/aarch64-linux-gnu/6.3.1/:/media/air/6f43c45d-eb70-eb42-801a-ed77dc73e87f/worktools/gcc-linaro-6.3.1-2017.05-x86_64_aarch64-linux-gnu/bin/../libexec/gcc/aarch64-linux-gnu/:/media/air/6f43c45d-eb70-eb42-801a-ed77dc73e87f/worktools/gcc-linaro-6.3.1-2017.05-x86_64_aarch64-linux-gnu/bin/../libexec/gcc/:/media/air/6f43c45d-eb70-eb42-801a-ed77dc73e87f/worktools/gcc-linaro-6.3.1-2017.05-x86_64_aarch64-linux-gnu/bin/../lib/gcc/aarch64-linux-gnu/6.3.1/../../../../aarch64-linux-gnu/bin/
LIBRARY_PATH=/media/air/6f43c45d-eb70-eb42-801a-ed77dc73e87f/worktools/gcc-linaro-6.3.1-2017.05-x86_64_aarch64-linux-gnu/bin/../lib/gcc/aarch64-linux-gnu/6.3.1/:/media/air/6f43c45d-eb70-eb42-801a-ed77dc73e87f/worktools/gcc-linaro-6.3.1-2017.05-x86_64_aarch64-linux-gnu/bin/../lib/gcc/aarch64-linux-gnu/:/media/air/6f43c45d-eb70-eb42-801a-ed77dc73e87f/worktools/gcc-linaro-6.3.1-2017.05-x86_64_aarch64-linux-gnu/bin/../lib/gcc/:/media/air/6f43c45d-eb70-eb42-801a-ed77dc73e87f/worktools/gcc-linaro-6.3.1-2017.05-x86_64_aarch64-linux-gnu/bin/../lib/gcc/aarch64-linux-gnu/6.3.1/../../../../aarch64-linux-gnu/lib/../lib64/:/media/air/6f43c45d-eb70-eb42-801a-ed77dc73e87f/worktools/gcc-linaro-6.3.1-2017.05-x86_64_aarch64-linux-gnu/bin/../lib/gcc/aarch64-linux-gnu/6.3.1/../../../../aarch64-linux-gnu/lib/:/media/air/6f43c45d-eb70-eb42-801a-ed77dc73e87f/worktools/gcc-linaro-6.3.1-2017.05-x86_64_aarch64-linux-gnu/bin/../aarch64-linux-gnu/libc/lib/:/media/air/6f43c45d-eb70-eb42-801a-ed77dc73e87f/worktools/gcc-linaro-6.3.1-2017.05-x86_64_aarch64-linux-gnu/bin/../aarch64-linux-gnu/libc/usr/lib/
COLLECT_GCC_OPTIONS='-v' '-o' 'cmTC_de895' '-rdynamic' '-shared-libgcc' '-march=armv8-a' '-mlittle-endian' '-mabi=lp64'
 /media/air/6f43c45d-eb70-eb42-801a-ed77dc73e87f/worktools/gcc-linaro-6.3.1-2017.05-x86_64_aarch64-linux-gnu/bin/../libexec/gcc/aarch64-linux-gnu/6.3.1/collect2 -plugin /media/air/6f43c45d-eb70-eb42-801a-ed77dc73e87f/worktools/gcc-linaro-6.3.1-2017.05-x86_64_aarch64-linux-gnu/bin/../libexec/gcc/aarch64-linux-gnu/6.3.1/liblto_plugin.so -plugin-opt=/media/air/6f43c45d-eb70-eb42-801a-ed77dc73e87f/worktools/gcc-linaro-6.3.1-2017.05-x86_64_aarch64-linux-gnu/bin/../libexec/gcc/aarch64-linux-gnu/6.3.1/lto-wrapper -plugin-opt=-fresolution=/tmp/cclnd0HH.res -plugin-opt=-pass-through=-lgcc_s -plugin-opt=-pass-through=-lgcc -plugin-opt=-pass-through=-lc -plugin-opt=-pass-through=-lgcc_s -plugin-opt=-pass-through=-lgcc --sysroot=/media/air/6f43c45d-eb70-eb42-801a-ed77dc73e87f/worktools/gcc-linaro-6.3.1-2017.05-x86_64_aarch64-linux-gnu/bin/../aarch64-linux-gnu/libc --build-id --eh-frame-hdr -export-dynamic -dynamic-linker /lib/ld-linux-aarch64.so.1 -X -EL -maarch64linux --fix-cortex-a53-835769 --fix-cortex-a53-843419 -o cmTC_de895 /media/air/6f43c45d-eb70-eb42-801a-ed77dc73e87f/worktools/gcc-linaro-6.3.1-2017.05-x86_64_aarch64-linux-gnu/bin/../aarch64-linux-gnu/libc/usr/lib/crt1.o /media/air/6f43c45d-eb70-eb42-801a-ed77dc73e87f/worktools/gcc-linaro-6.3.1-2017.05-x86_64_aarch64-linux-gnu/bin/../aarch64-linux-gnu/libc/usr/lib/crti.o /media/air/6f43c45d-eb70-eb42-801a-ed77dc73e87f/worktools/gcc-linaro-6.3.1-2017.05-x86_64_aarch64-linux-gnu/bin/../lib/gcc/aarch64-linux-gnu/6.3.1/crtbegin.o -L/media/air/6f43c45d-eb70-eb42-801a-ed77dc73e87f/worktools/gcc-linaro-6.3.1-2017.05-x86_64_aarch64-linux-gnu/bin/../lib/gcc/aarch64-linux-gnu/6.3.1 -L/media/air/6f43c45d-eb70-eb42-801a-ed77dc73e87f/worktools/gcc-linaro-6.3.1-2017.05-x86_64_aarch64-linux-gnu/bin/../lib/gcc/aarch64-linux-gnu -L/media/air/6f43c45d-eb70-eb42-801a-ed77dc73e87f/worktools/gcc-linaro-6.3.1-2017.05-x86_64_aarch64-linux-gnu/bin/../lib/gcc -L/media/air/6f43c45d-eb70-eb42-801a-ed77dc73e87f/worktools/gcc-linaro-6.3.1-2017.05-x86_64_aarch64-linux-gnu/bin/../lib/gcc/aarch64-linux-gnu/6.3.1/../../../../aarch64-linux-gnu/lib/../lib64 -L/media/air/6f43c45d-eb70-eb42-801a-ed77dc73e87f/worktools/gcc-linaro-6.3.1-2017.05-x86_64_aarch64-linux-gnu/bin/../lib/gcc/aarch64-linux-gnu/6.3.1/../../../../aarch64-linux-gnu/lib -L/media/air/6f43c45d-eb70-eb42-801a-ed77dc73e87f/worktools/gcc-linaro-6.3.1-2017.05-x86_64_aarch64-linux-gnu/bin/../aarch64-linux-gnu/libc/lib -L/media/air/6f43c45d-eb70-eb42-801a-ed77dc73e87f/worktools/gcc-linaro-6.3.1-2017.05-x86_64_aarch64-linux-gnu/bin/../aarch64-linux-gnu/libc/usr/lib CMakeFiles/cmTC_de895.dir/CMakeCXXCompilerABI.cpp.o -lstdc++ -lm -lgcc_s -lgcc -lc -lgcc_s -lgcc /media/air/6f43c45d-eb70-eb42-801a-ed77dc73e87f/worktools/gcc-linaro-6.3.1-2017.05-x86_64_aarch64-linux-gnu/bin/../lib/gcc/aarch64-linux-gnu/6.3.1/crtend.o /media/air/6f43c45d-eb70-eb42-801a-ed77dc73e87f/worktools/gcc-linaro-6.3.1-2017.05-x86_64_aarch64-linux-gnu/bin/../aarch64-linux-gnu/libc/usr/lib/crtn.o
COLLECT_GCC_OPTIONS='-v' '-o' 'cmTC_de895' '-rdynamic' '-shared-libgcc' '-march=armv8-a' '-mlittle-endian' '-mabi=lp64'
make[1]: Leaving directory '/media/air/6f43c45d-eb70-eb42-801a-ed77dc73e87f/armnn/armnn/build_arm64_caffe/CMakeFiles/CMakeTmp'


Parsed CXX implicit link information from above output:
  link line regex: [^( *|.*[/\])(ld|([^/\]+-)?ld|collect2)[^/\]*( |$)]
  ignore line: [Change Dir: /media/air/6f43c45d-eb70-eb42-801a-ed77dc73e87f/armnn/armnn/build_arm64_caffe/CMakeFiles/CMakeTmp]
  ignore line: []
  ignore line: [Run Build Command:"/usr/bin/make" "cmTC_de895/fast"]
  ignore line: [/usr/bin/make -f CMakeFiles/cmTC_de895.dir/build.make CMakeFiles/cmTC_de895.dir/build]
  ignore line: [make[1]: Entering directory '/media/air/6f43c45d-eb70-eb42-801a-ed77dc73e87f/armnn/armnn/build_arm64_caffe/CMakeFiles/CMakeTmp']
  ignore line: [Building CXX object CMakeFiles/cmTC_de895.dir/CMakeCXXCompilerABI.cpp.o]
  ignore line: [/media/air/6f43c45d-eb70-eb42-801a-ed77dc73e87f/worktools/gcc-linaro-6.3.1-2017.05-x86_64_aarch64-linux-gnu/bin/aarch64-linux-gnu-g++      -o CMakeFiles/cmTC_de895.dir/CMakeCXXCompilerABI.cpp.o -c /usr/share/cmake-3.5/Modules/CMakeCXXCompilerABI.cpp]
  ignore line: [Linking CXX executable cmTC_de895]
  ignore line: [/usr/bin/cmake -E cmake_link_script CMakeFiles/cmTC_de895.dir/link.txt --verbose=1]
  ignore line: [/media/air/6f43c45d-eb70-eb42-801a-ed77dc73e87f/worktools/gcc-linaro-6.3.1-2017.05-x86_64_aarch64-linux-gnu/bin/aarch64-linux-gnu-g++       -v CMakeFiles/cmTC_de895.dir/CMakeCXXCompilerABI.cpp.o  -o cmTC_de895 -rdynamic  ]
  ignore line: [Using built-in specs.]
  ignore line: [COLLECT_GCC=/media/air/6f43c45d-eb70-eb42-801a-ed77dc73e87f/worktools/gcc-linaro-6.3.1-2017.05-x86_64_aarch64-linux-gnu/bin/aarch64-linux-gnu-g++]
  ignore line: [COLLECT_LTO_WRAPPER=/media/air/6f43c45d-eb70-eb42-801a-ed77dc73e87f/worktools/gcc-linaro-6.3.1-2017.05-x86_64_aarch64-linux-gnu/bin/../libexec/gcc/aarch64-linux-gnu/6.3.1/lto-wrapper]
  ignore line: [Target: aarch64-linux-gnu]
  ignore line: [Configured with: '/home/tcwg-buildslave/workspace/tcwg-make-release/builder_arch/amd64/label/tcwg-x86_64-build/target/aarch64-linux-gnu/snapshots/gcc.git~linaro-6.3-2017.05/configure' SHELL=/bin/bash --with-mpc=/home/tcwg-buildslave/workspace/tcwg-make-release/builder_arch/amd64/label/tcwg-x86_64-build/target/aarch64-linux-gnu/_build/builds/destdir/x86_64-unknown-linux-gnu --with-mpfr=/home/tcwg-buildslave/workspace/tcwg-make-release/builder_arch/amd64/label/tcwg-x86_64-build/target/aarch64-linux-gnu/_build/builds/destdir/x86_64-unknown-linux-gnu --with-gmp=/home/tcwg-buildslave/workspace/tcwg-make-release/builder_arch/amd64/label/tcwg-x86_64-build/target/aarch64-linux-gnu/_build/builds/destdir/x86_64-unknown-linux-gnu --with-gnu-as --with-gnu-ld --disable-libmudflap --enable-lto --enable-shared --without-included-gettext --enable-nls --disable-sjlj-exceptions --enable-gnu-unique-object --enable-linker-build-id --disable-libstdcxx-pch --enable-c99 --enable-clocale=gnu --enable-libstdcxx-debug --enable-long-long --with-cloog=no --with-ppl=no --with-isl=no --disable-multilib --enable-fix-cortex-a53-835769 --enable-fix-cortex-a53-843419 --with-arch=armv8-a --enable-threads=posix --enable-multiarch --enable-libstdcxx-time=yes --enable-gnu-indirect-function --with-build-sysroot=/home/tcwg-buildslave/workspace/tcwg-make-release/builder_arch/amd64/label/tcwg-x86_64-build/target/aarch64-linux-gnu/_build/sysroots/aarch64-linux-gnu --with-sysroot=/home/tcwg-buildslave/workspace/tcwg-make-release/builder_arch/amd64/label/tcwg-x86_64-build/target/aarch64-linux-gnu/_build/builds/destdir/x86_64-unknown-linux-gnu/aarch64-linux-gnu/libc --enable-checking=release --disable-bootstrap --enable-languages=c,c++,fortran,lto --build=x86_64-unknown-linux-gnu --host=x86_64-unknown-linux-gnu --target=aarch64-linux-gnu --prefix=/home/tcwg-buildslave/workspace/tcwg-make-release/builder_arch/amd64/label/tcwg-x86_64-build/target/aarch64-linux-gnu/_build/builds/destdir/x86_64-unknown-linux-gnu]
  ignore line: [Thread model: posix]
  ignore line: [gcc version 6.3.1 20170404 (Linaro GCC 6.3-2017.05) ]
  ignore line: [COMPILER_PATH=/media/air/6f43c45d-eb70-eb42-801a-ed77dc73e87f/worktools/gcc-linaro-6.3.1-2017.05-x86_64_aarch64-linux-gnu/bin/../libexec/gcc/aarch64-linux-gnu/6.3.1/:/media/air/6f43c45d-eb70-eb42-801a-ed77dc73e87f/worktools/gcc-linaro-6.3.1-2017.05-x86_64_aarch64-linux-gnu/bin/../libexec/gcc/aarch64-linux-gnu/:/media/air/6f43c45d-eb70-eb42-801a-ed77dc73e87f/worktools/gcc-linaro-6.3.1-2017.05-x86_64_aarch64-linux-gnu/bin/../libexec/gcc/:/media/air/6f43c45d-eb70-eb42-801a-ed77dc73e87f/worktools/gcc-linaro-6.3.1-2017.05-x86_64_aarch64-linux-gnu/bin/../lib/gcc/aarch64-linux-gnu/6.3.1/../../../../aarch64-linux-gnu/bin/]
  ignore line: [LIBRARY_PATH=/media/air/6f43c45d-eb70-eb42-801a-ed77dc73e87f/worktools/gcc-linaro-6.3.1-2017.05-x86_64_aarch64-linux-gnu/bin/../lib/gcc/aarch64-linux-gnu/6.3.1/:/media/air/6f43c45d-eb70-eb42-801a-ed77dc73e87f/worktools/gcc-linaro-6.3.1-2017.05-x86_64_aarch64-linux-gnu/bin/../lib/gcc/aarch64-linux-gnu/:/media/air/6f43c45d-eb70-eb42-801a-ed77dc73e87f/worktools/gcc-linaro-6.3.1-2017.05-x86_64_aarch64-linux-gnu/bin/../lib/gcc/:/media/air/6f43c45d-eb70-eb42-801a-ed77dc73e87f/worktools/gcc-linaro-6.3.1-2017.05-x86_64_aarch64-linux-gnu/bin/../lib/gcc/aarch64-linux-gnu/6.3.1/../../../../aarch64-linux-gnu/lib/../lib64/:/media/air/6f43c45d-eb70-eb42-801a-ed77dc73e87f/worktools/gcc-linaro-6.3.1-2017.05-x86_64_aarch64-linux-gnu/bin/../lib/gcc/aarch64-linux-gnu/6.3.1/../../../../aarch64-linux-gnu/lib/:/media/air/6f43c45d-eb70-eb42-801a-ed77dc73e87f/worktools/gcc-linaro-6.3.1-2017.05-x86_64_aarch64-linux-gnu/bin/../aarch64-linux-gnu/libc/lib/:/media/air/6f43c45d-eb70-eb42-801a-ed77dc73e87f/worktools/gcc-linaro-6.3.1-2017.05-x86_64_aarch64-linux-gnu/bin/../aarch64-linux-gnu/libc/usr/lib/]
  ignore line: [COLLECT_GCC_OPTIONS='-v' '-o' 'cmTC_de895' '-rdynamic' '-shared-libgcc' '-march=armv8-a' '-mlittle-endian' '-mabi=lp64']
  link line: [ /media/air/6f43c45d-eb70-eb42-801a-ed77dc73e87f/worktools/gcc-linaro-6.3.1-2017.05-x86_64_aarch64-linux-gnu/bin/../libexec/gcc/aarch64-linux-gnu/6.3.1/collect2 -plugin /media/air/6f43c45d-eb70-eb42-801a-ed77dc73e87f/worktools/gcc-linaro-6.3.1-2017.05-x86_64_aarch64-linux-gnu/bin/../libexec/gcc/aarch64-linux-gnu/6.3.1/liblto_plugin.so -plugin-opt=/media/air/6f43c45d-eb70-eb42-801a-ed77dc73e87f/worktools/gcc-linaro-6.3.1-2017.05-x86_64_aarch64-linux-gnu/bin/../libexec/gcc/aarch64-linux-gnu/6.3.1/lto-wrapper -plugin-opt=-fresolution=/tmp/cclnd0HH.res -plugin-opt=-pass-through=-lgcc_s -plugin-opt=-pass-through=-lgcc -plugin-opt=-pass-through=-lc -plugin-opt=-pass-through=-lgcc_s -plugin-opt=-pass-through=-lgcc --sysroot=/media/air/6f43c45d-eb70-eb42-801a-ed77dc73e87f/worktools/gcc-linaro-6.3.1-2017.05-x86_64_aarch64-linux-gnu/bin/../aarch64-linux-gnu/libc --build-id --eh-frame-hdr -export-dynamic -dynamic-linker /lib/ld-linux-aarch64.so.1 -X -EL -maarch64linux --fix-cortex-a53-835769 --fix-cortex-a53-843419 -o cmTC_de895 /media/air/6f43c45d-eb70-eb42-801a-ed77dc73e87f/worktools/gcc-linaro-6.3.1-2017.05-x86_64_aarch64-linux-gnu/bin/../aarch64-linux-gnu/libc/usr/lib/crt1.o /media/air/6f43c45d-eb70-eb42-801a-ed77dc73e87f/worktools/gcc-linaro-6.3.1-2017.05-x86_64_aarch64-linux-gnu/bin/../aarch64-linux-gnu/libc/usr/lib/crti.o /media/air/6f43c45d-eb70-eb42-801a-ed77dc73e87f/worktools/gcc-linaro-6.3.1-2017.05-x86_64_aarch64-linux-gnu/bin/../lib/gcc/aarch64-linux-gnu/6.3.1/crtbegin.o -L/media/air/6f43c45d-eb70-eb42-801a-ed77dc73e87f/worktools/gcc-linaro-6.3.1-2017.05-x86_64_aarch64-linux-gnu/bin/../lib/gcc/aarch64-linux-gnu/6.3.1 -L/media/air/6f43c45d-eb70-eb42-801a-ed77dc73e87f/worktools/gcc-linaro-6.3.1-2017.05-x86_64_aarch64-linux-gnu/bin/../lib/gcc/aarch64-linux-gnu -L/media/air/6f43c45d-eb70-eb42-801a-ed77dc73e87f/worktools/gcc-linaro-6.3.1-2017.05-x86_64_aarch64-linux-gnu/bin/../lib/gcc -L/media/air/6f43c45d-eb70-eb42-801a-ed77dc73e87f/worktools/gcc-linaro-6.3.1-2017.05-x86_64_aarch64-linux-gnu/bin/../lib/gcc/aarch64-linux-gnu/6.3.1/../../../../aarch64-linux-gnu/lib/../lib64 -L/media/air/6f43c45d-eb70-eb42-801a-ed77dc73e87f/worktools/gcc-linaro-6.3.1-2017.05-x86_64_aarch64-linux-gnu/bin/../lib/gcc/aarch64-linux-gnu/6.3.1/../../../../aarch64-linux-gnu/lib -L/media/air/6f43c45d-eb70-eb42-801a-ed77dc73e87f/worktools/gcc-linaro-6.3.1-2017.05-x86_64_aarch64-linux-gnu/bin/../aarch64-linux-gnu/libc/lib -L/media/air/6f43c45d-eb70-eb42-801a-ed77dc73e87f/worktools/gcc-linaro-6.3.1-2017.05-x86_64_aarch64-linux-gnu/bin/../aarch64-linux-gnu/libc/usr/lib CMakeFiles/cmTC_de895.dir/CMakeCXXCompilerABI.cpp.o -lstdc++ -lm -lgcc_s -lgcc -lc -lgcc_s -lgcc /media/air/6f43c45d-eb70-eb42-801a-ed77dc73e87f/worktools/gcc-linaro-6.3.1-2017.05-x86_64_aarch64-linux-gnu/bin/../lib/gcc/aarch64-linux-gnu/6.3.1/crtend.o /media/air/6f43c45d-eb70-eb42-801a-ed77dc73e87f/worktools/gcc-linaro-6.3.1-2017.05-x86_64_aarch64-linux-gnu/bin/../aarch64-linux-gnu/libc/usr/lib/crtn.o]
    arg [/media/air/6f43c45d-eb70-eb42-801a-ed77dc73e87f/worktools/gcc-linaro-6.3.1-2017.05-x86_64_aarch64-linux-gnu/bin/../libexec/gcc/aarch64-linux-gnu/6.3.1/collect2] ==> ignore
    arg [-plugin] ==> ignore
    arg [/media/air/6f43c45d-eb70-eb42-801a-ed77dc73e87f/worktools/gcc-linaro-6.3.1-2017.05-x86_64_aarch64-linux-gnu/bin/../libexec/gcc/aarch64-linux-gnu/6.3.1/liblto_plugin.so] ==> ignore
    arg [-plugin-opt=/media/air/6f43c45d-eb70-eb42-801a-ed77dc73e87f/worktools/gcc-linaro-6.3.1-2017.05-x86_64_aarch64-linux-gnu/bin/../libexec/gcc/aarch64-linux-gnu/6.3.1/lto-wrapper] ==> ignore
    arg [-plugin-opt=-fresolution=/tmp/cclnd0HH.res] ==> ignore
    arg [-plugin-opt=-pass-through=-lgcc_s] ==> ignore
    arg [-plugin-opt=-pass-through=-lgcc] ==> ignore
    arg [-plugin-opt=-pass-through=-lc] ==> ignore
    arg [-plugin-opt=-pass-through=-lgcc_s] ==> ignore
    arg [-plugin-opt=-pass-through=-lgcc] ==> ignore
    arg [--sysroot=/media/air/6f43c45d-eb70-eb42-801a-ed77dc73e87f/worktools/gcc-linaro-6.3.1-2017.05-x86_64_aarch64-linux-gnu/bin/../aarch64-linux-gnu/libc] ==> ignore
    arg [--build-id] ==> ignore
    arg [--eh-frame-hdr] ==> ignore
    arg [-export-dynamic] ==> ignore
    arg [-dynamic-linker] ==> ignore
    arg [/lib/ld-linux-aarch64.so.1] ==> ignore
    arg [-X] ==> ignore
    arg [-EL] ==> ignore
    arg [-maarch64linux] ==> ignore
    arg [--fix-cortex-a53-835769] ==> ignore
    arg [--fix-cortex-a53-843419] ==> ignore
    arg [-o] ==> ignore
    arg [cmTC_de895] ==> ignore
    arg [/media/air/6f43c45d-eb70-eb42-801a-ed77dc73e87f/worktools/gcc-linaro-6.3.1-2017.05-x86_64_aarch64-linux-gnu/bin/../aarch64-linux-gnu/libc/usr/lib/crt1.o] ==> ignore
    arg [/media/air/6f43c45d-eb70-eb42-801a-ed77dc73e87f/worktools/gcc-linaro-6.3.1-2017.05-x86_64_aarch64-linux-gnu/bin/../aarch64-linux-gnu/libc/usr/lib/crti.o] ==> ignore
    arg [/media/air/6f43c45d-eb70-eb42-801a-ed77dc73e87f/worktools/gcc-linaro-6.3.1-2017.05-x86_64_aarch64-linux-gnu/bin/../lib/gcc/aarch64-linux-gnu/6.3.1/crtbegin.o] ==> ignore
    arg [-L/media/air/6f43c45d-eb70-eb42-801a-ed77dc73e87f/worktools/gcc-linaro-6.3.1-2017.05-x86_64_aarch64-linux-gnu/bin/../lib/gcc/aarch64-linux-gnu/6.3.1] ==> dir [/media/air/6f43c45d-eb70-eb42-801a-ed77dc73e87f/worktools/gcc-linaro-6.3.1-2017.05-x86_64_aarch64-linux-gnu/bin/../lib/gcc/aarch64-linux-gnu/6.3.1]
    arg [-L/media/air/6f43c45d-eb70-eb42-801a-ed77dc73e87f/worktools/gcc-linaro-6.3.1-2017.05-x86_64_aarch64-linux-gnu/bin/../lib/gcc/aarch64-linux-gnu] ==> dir [/media/air/6f43c45d-eb70-eb42-801a-ed77dc73e87f/worktools/gcc-linaro-6.3.1-2017.05-x86_64_aarch64-linux-gnu/bin/../lib/gcc/aarch64-linux-gnu]
    arg [-L/media/air/6f43c45d-eb70-eb42-801a-ed77dc73e87f/worktools/gcc-linaro-6.3.1-2017.05-x86_64_aarch64-linux-gnu/bin/../lib/gcc] ==> dir [/media/air/6f43c45d-eb70-eb42-801a-ed77dc73e87f/worktools/gcc-linaro-6.3.1-2017.05-x86_64_aarch64-linux-gnu/bin/../lib/gcc]
    arg [-L/media/air/6f43c45d-eb70-eb42-801a-ed77dc73e87f/worktools/gcc-linaro-6.3.1-2017.05-x86_64_aarch64-linux-gnu/bin/../lib/gcc/aarch64-linux-gnu/6.3.1/../../../../aarch64-linux-gnu/lib/../lib64] ==> dir [/media/air/6f43c45d-eb70-eb42-801a-ed77dc73e87f/worktools/gcc-linaro-6.3.1-2017.05-x86_64_aarch64-linux-gnu/bin/../lib/gcc/aarch64-linux-gnu/6.3.1/../../../../aarch64-linux-gnu/lib/../lib64]
    arg [-L/media/air/6f43c45d-eb70-eb42-801a-ed77dc73e87f/worktools/gcc-linaro-6.3.1-2017.05-x86_64_aarch64-linux-gnu/bin/../lib/gcc/aarch64-linux-gnu/6.3.1/../../../../aarch64-linux-gnu/lib] ==> dir [/media/air/6f43c45d-eb70-eb42-801a-ed77dc73e87f/worktools/gcc-linaro-6.3.1-2017.05-x86_64_aarch64-linux-gnu/bin/../lib/gcc/aarch64-linux-gnu/6.3.1/../../../../aarch64-linux-gnu/lib]
    arg [-L/media/air/6f43c45d-eb70-eb42-801a-ed77dc73e87f/worktools/gcc-linaro-6.3.1-2017.05-x86_64_aarch64-linux-gnu/bin/../aarch64-linux-gnu/libc/lib] ==> dir [/media/air/6f43c45d-eb70-eb42-801a-ed77dc73e87f/worktools/gcc-linaro-6.3.1-2017.05-x86_64_aarch64-linux-gnu/bin/../aarch64-linux-gnu/libc/lib]
    arg [-L/media/air/6f43c45d-eb70-eb42-801a-ed77dc73e87f/worktools/gcc-linaro-6.3.1-2017.05-x86_64_aarch64-linux-gnu/bin/../aarch64-linux-gnu/libc/usr/lib] ==> dir [/media/air/6f43c45d-eb70-eb42-801a-ed77dc73e87f/worktools/gcc-linaro-6.3.1-2017.05-x86_64_aarch64-linux-gnu/bin/../aarch64-linux-gnu/libc/usr/lib]
    arg [CMakeFiles/cmTC_de895.dir/CMakeCXXCompilerABI.cpp.o] ==> ignore
    arg [-lstdc++] ==> lib [stdc++]
    arg [-lm] ==> lib [m]
    arg [-lgcc_s] ==> lib [gcc_s]
    arg [-lgcc] ==> lib [gcc]
    arg [-lc] ==> lib [c]
    arg [-lgcc_s] ==> lib [gcc_s]
    arg [-lgcc] ==> lib [gcc]
    arg [/media/air/6f43c45d-eb70-eb42-801a-ed77dc73e87f/worktools/gcc-linaro-6.3.1-2017.05-x86_64_aarch64-linux-gnu/bin/../lib/gcc/aarch64-linux-gnu/6.3.1/crtend.o] ==> ignore
    arg [/media/air/6f43c45d-eb70-eb42-801a-ed77dc73e87f/worktools/gcc-linaro-6.3.1-2017.05-x86_64_aarch64-linux-gnu/bin/../aarch64-linux-gnu/libc/usr/lib/crtn.o] ==> ignore
  remove lib [gcc_s]
  remove lib [gcc]
  remove lib [gcc_s]
  remove lib [gcc]
  collapse library dir [/media/air/6f43c45d-eb70-eb42-801a-ed77dc73e87f/worktools/gcc-linaro-6.3.1-2017.05-x86_64_aarch64-linux-gnu/bin/../lib/gcc/aarch64-linux-gnu/6.3.1] ==> [/media/air/6f43c45d-eb70-eb42-801a-ed77dc73e87f/worktools/gcc-linaro-6.3.1-2017.05-x86_64_aarch64-linux-gnu/lib/gcc/aarch64-linux-gnu/6.3.1]
  collapse library dir [/media/air/6f43c45d-eb70-eb42-801a-ed77dc73e87f/worktools/gcc-linaro-6.3.1-2017.05-x86_64_aarch64-linux-gnu/bin/../lib/gcc/aarch64-linux-gnu] ==> [/media/air/6f43c45d-eb70-eb42-801a-ed77dc73e87f/worktools/gcc-linaro-6.3.1-2017.05-x86_64_aarch64-linux-gnu/lib/gcc/aarch64-linux-gnu]
  collapse library dir [/media/air/6f43c45d-eb70-eb42-801a-ed77dc73e87f/worktools/gcc-linaro-6.3.1-2017.05-x86_64_aarch64-linux-gnu/bin/../lib/gcc] ==> [/media/air/6f43c45d-eb70-eb42-801a-ed77dc73e87f/worktools/gcc-linaro-6.3.1-2017.05-x86_64_aarch64-linux-gnu/lib/gcc]
  collapse library dir [/media/air/6f43c45d-eb70-eb42-801a-ed77dc73e87f/worktools/gcc-linaro-6.3.1-2017.05-x86_64_aarch64-linux-gnu/bin/../lib/gcc/aarch64-linux-gnu/6.3.1/../../../../aarch64-linux-gnu/lib/../lib64] ==> [/media/air/6f43c45d-eb70-eb42-801a-ed77dc73e87f/worktools/gcc-linaro-6.3.1-2017.05-x86_64_aarch64-linux-gnu/aarch64-linux-gnu/lib64]
  collapse library dir [/media/air/6f43c45d-eb70-eb42-801a-ed77dc73e87f/worktools/gcc-linaro-6.3.1-2017.05-x86_64_aarch64-linux-gnu/bin/../lib/gcc/aarch64-linux-gnu/6.3.1/../../../../aarch64-linux-gnu/lib] ==> [/media/air/6f43c45d-eb70-eb42-801a-ed77dc73e87f/worktools/gcc-linaro-6.3.1-2017.05-x86_64_aarch64-linux-gnu/aarch64-linux-gnu/lib]
  collapse library dir [/media/air/6f43c45d-eb70-eb42-801a-ed77dc73e87f/worktools/gcc-linaro-6.3.1-2017.05-x86_64_aarch64-linux-gnu/bin/../aarch64-linux-gnu/libc/lib] ==> [/media/air/6f43c45d-eb70-eb42-801a-ed77dc73e87f/worktools/gcc-linaro-6.3.1-2017.05-x86_64_aarch64-linux-gnu/aarch64-linux-gnu/libc/lib]
  collapse library dir [/media/air/6f43c45d-eb70-eb42-801a-ed77dc73e87f/worktools/gcc-linaro-6.3.1-2017.05-x86_64_aarch64-linux-gnu/bin/../aarch64-linux-gnu/libc/usr/lib] ==> [/media/air/6f43c45d-eb70-eb42-801a-ed77dc73e87f/worktools/gcc-linaro-6.3.1-2017.05-x86_64_aarch64-linux-gnu/aarch64-linux-gnu/libc/usr/lib]
  implicit libs: [stdc++;m;c]
  implicit dirs: [/media/air/6f43c45d-eb70-eb42-801a-ed77dc73e87f/worktools/gcc-linaro-6.3.1-2017.05-x86_64_aarch64-linux-gnu/lib/gcc/aarch64-linux-gnu/6.3.1;/media/air/6f43c45d-eb70-eb42-801a-ed77dc73e87f/worktools/gcc-linaro-6.3.1-2017.05-x86_64_aarch64-linux-gnu/lib/gcc/aarch64-linux-gnu;/media/air/6f43c45d-eb70-eb42-801a-ed77dc73e87f/worktools/gcc-linaro-6.3.1-2017.05-x86_64_aarch64-linux-gnu/lib/gcc;/media/air/6f43c45d-eb70-eb42-801a-ed77dc73e87f/worktools/gcc-linaro-6.3.1-2017.05-x86_64_aarch64-linux-gnu/aarch64-linux-gnu/lib64;/media/air/6f43c45d-eb70-eb42-801a-ed77dc73e87f/worktools/gcc-linaro-6.3.1-2017.05-x86_64_aarch64-linux-gnu/aarch64-linux-gnu/lib;/media/air/6f43c45d-eb70-eb42-801a-ed77dc73e87f/worktools/gcc-linaro-6.3.1-2017.05-x86_64_aarch64-linux-gnu/aarch64-linux-gnu/libc/lib;/media/air/6f43c45d-eb70-eb42-801a-ed77dc73e87f/worktools/gcc-linaro-6.3.1-2017.05-x86_64_aarch64-linux-gnu/aarch64-linux-gnu/libc/usr/lib]
  implicit fwks: []




Detecting CXX [-std=c++14] compiler features compiled with the following output:
Change Dir: /media/air/6f43c45d-eb70-eb42-801a-ed77dc73e87f/armnn/armnn/build_arm64_caffe/CMakeFiles/CMakeTmp

Run Build Command:"/usr/bin/make" "cmTC_dc274/fast"
/usr/bin/make -f CMakeFiles/cmTC_dc274.dir/build.make CMakeFiles/cmTC_dc274.dir/build
make[1]: Entering directory '/media/air/6f43c45d-eb70-eb42-801a-ed77dc73e87f/armnn/armnn/build_arm64_caffe/CMakeFiles/CMakeTmp'
Building CXX object CMakeFiles/cmTC_dc274.dir/feature_tests.cxx.o
/media/air/6f43c45d-eb70-eb42-801a-ed77dc73e87f/worktools/gcc-linaro-6.3.1-2017.05-x86_64_aarch64-linux-gnu/bin/aarch64-linux-gnu-g++     -std=c++14 -o CMakeFiles/cmTC_dc274.dir/feature_tests.cxx.o -c /media/air/6f43c45d-eb70-eb42-801a-ed77dc73e87f/armnn/armnn/build_arm64_caffe/CMakeFiles/feature_tests.cxx
Linking CXX executable cmTC_dc274
/usr/bin/cmake -E cmake_link_script CMakeFiles/cmTC_dc274.dir/link.txt --verbose=1
/media/air/6f43c45d-eb70-eb42-801a-ed77dc73e87f/worktools/gcc-linaro-6.3.1-2017.05-x86_64_aarch64-linux-gnu/bin/aarch64-linux-gnu-g++        CMakeFiles/cmTC_dc274.dir/feature_tests.cxx.o  -o cmTC_dc274 -rdynamic 
make[1]: Leaving directory '/media/air/6f43c45d-eb70-eb42-801a-ed77dc73e87f/armnn/armnn/build_arm64_caffe/CMakeFiles/CMakeTmp'


    Feature record: CXX_FEATURE:1cxx_aggregate_default_initializers
    Feature record: CXX_FEATURE:1cxx_alias_templates
    Feature record: CXX_FEATURE:1cxx_alignas
    Feature record: CXX_FEATURE:1cxx_alignof
    Feature record: CXX_FEATURE:1cxx_attributes
    Feature record: CXX_FEATURE:1cxx_attribute_deprecated
    Feature record: CXX_FEATURE:1cxx_auto_type
    Feature record: CXX_FEATURE:1cxx_binary_literals
    Feature record: CXX_FEATURE:1cxx_constexpr
    Feature record: CXX_FEATURE:1cxx_contextual_conversions
    Feature record: CXX_FEATURE:1cxx_decltype
    Feature record: CXX_FEATURE:1cxx_decltype_auto
    Feature record: CXX_FEATURE:1cxx_decltype_incomplete_return_types
    Feature record: CXX_FEATURE:1cxx_default_function_template_args
    Feature record: CXX_FEATURE:1cxx_defaulted_functions
    Feature record: CXX_FEATURE:1cxx_defaulted_move_initializers
    Feature record: CXX_FEATURE:1cxx_delegating_constructors
    Feature record: CXX_FEATURE:1cxx_deleted_functions
    Feature record: CXX_FEATURE:1cxx_digit_separators
    Feature record: CXX_FEATURE:1cxx_enum_forward_declarations
    Feature record: CXX_FEATURE:1cxx_explicit_conversions
    Feature record: CXX_FEATURE:1cxx_extended_friend_declarations
    Feature record: CXX_FEATURE:1cxx_extern_templates
    Feature record: CXX_FEATURE:1cxx_final
    Feature record: CXX_FEATURE:1cxx_func_identifier
    Feature record: CXX_FEATURE:1cxx_generalized_initializers
    Feature record: CXX_FEATURE:1cxx_generic_lambdas
    Feature record: CXX_FEATURE:1cxx_inheriting_constructors
    Feature record: CXX_FEATURE:1cxx_inline_namespaces
    Feature record: CXX_FEATURE:1cxx_lambdas
    Feature record: CXX_FEATURE:1cxx_lambda_init_captures
    Feature record: CXX_FEATURE:1cxx_local_type_template_args
    Feature record: CXX_FEATURE:1cxx_long_long_type
    Feature record: CXX_FEATURE:1cxx_noexcept
    Feature record: CXX_FEATURE:1cxx_nonstatic_member_init
    Feature record: CXX_FEATURE:1cxx_nullptr
    Feature record: CXX_FEATURE:1cxx_override
    Feature record: CXX_FEATURE:1cxx_range_for
    Feature record: CXX_FEATURE:1cxx_raw_string_literals
    Feature record: CXX_FEATURE:1cxx_reference_qualified_functions
    Feature record: CXX_FEATURE:1cxx_relaxed_constexpr
    Feature record: CXX_FEATURE:1cxx_return_type_deduction
    Feature record: CXX_FEATURE:1cxx_right_angle_brackets
    Feature record: CXX_FEATURE:1cxx_rvalue_references
    Feature record: CXX_FEATURE:1cxx_sizeof_member
    Feature record: CXX_FEATURE:1cxx_static_assert
    Feature record: CXX_FEATURE:1cxx_strong_enums
    Feature record: CXX_FEATURE:1cxx_template_template_parameters
    Feature record: CXX_FEATURE:1cxx_thread_local
    Feature record: CXX_FEATURE:1cxx_trailing_return_types
    Feature record: CXX_FEATURE:1cxx_unicode_literals
    Feature record: CXX_FEATURE:1cxx_uniform_initialization
    Feature record: CXX_FEATURE:1cxx_unrestricted_unions
    Feature record: CXX_FEATURE:1cxx_user_literals
    Feature record: CXX_FEATURE:1cxx_variable_templates
    Feature record: CXX_FEATURE:1cxx_variadic_macros
    Feature record: CXX_FEATURE:1cxx_variadic_templates


Detecting CXX [-std=c++11] compiler features compiled with the following output:
Change Dir: /media/air/6f43c45d-eb70-eb42-801a-ed77dc73e87f/armnn/armnn/build_arm64_caffe/CMakeFiles/CMakeTmp

Run Build Command:"/usr/bin/make" "cmTC_e7515/fast"
/usr/bin/make -f CMakeFiles/cmTC_e7515.dir/build.make CMakeFiles/cmTC_e7515.dir/build
make[1]: Entering directory '/media/air/6f43c45d-eb70-eb42-801a-ed77dc73e87f/armnn/armnn/build_arm64_caffe/CMakeFiles/CMakeTmp'
Building CXX object CMakeFiles/cmTC_e7515.dir/feature_tests.cxx.o
/media/air/6f43c45d-eb70-eb42-801a-ed77dc73e87f/worktools/gcc-linaro-6.3.1-2017.05-x86_64_aarch64-linux-gnu/bin/aarch64-linux-gnu-g++     -std=c++11 -o CMakeFiles/cmTC_e7515.dir/feature_tests.cxx.o -c /media/air/6f43c45d-eb70-eb42-801a-ed77dc73e87f/armnn/armnn/build_arm64_caffe/CMakeFiles/feature_tests.cxx
Linking CXX executable cmTC_e7515
/usr/bin/cmake -E cmake_link_script CMakeFiles/cmTC_e7515.dir/link.txt --verbose=1
/media/air/6f43c45d-eb70-eb42-801a-ed77dc73e87f/worktools/gcc-linaro-6.3.1-2017.05-x86_64_aarch64-linux-gnu/bin/aarch64-linux-gnu-g++        CMakeFiles/cmTC_e7515.dir/feature_tests.cxx.o  -o cmTC_e7515 -rdynamic 
make[1]: Leaving directory '/media/air/6f43c45d-eb70-eb42-801a-ed77dc73e87f/armnn/armnn/build_arm64_caffe/CMakeFiles/CMakeTmp'


    Feature record: CXX_FEATURE:0cxx_aggregate_default_initializers
    Feature record: CXX_FEATURE:1cxx_alias_templates
    Feature record: CXX_FEATURE:1cxx_alignas
    Feature record: CXX_FEATURE:1cxx_alignof
    Feature record: CXX_FEATURE:1cxx_attributes
    Feature record: CXX_FEATURE:0cxx_attribute_deprecated
    Feature record: CXX_FEATURE:1cxx_auto_type
    Feature record: CXX_FEATURE:0cxx_binary_literals
    Feature record: CXX_FEATURE:1cxx_constexpr
    Feature record: CXX_FEATURE:0cxx_contextual_conversions
    Feature record: CXX_FEATURE:1cxx_decltype
    Feature record: CXX_FEATURE:0cxx_decltype_auto
    Feature record: CXX_FEATURE:1cxx_decltype_incomplete_return_types
    Feature record: CXX_FEATURE:1cxx_default_function_template_args
    Feature record: CXX_FEATURE:1cxx_defaulted_functions
    Feature record: CXX_FEATURE:1cxx_defaulted_move_initializers
    Feature record: CXX_FEATURE:1cxx_delegating_constructors
    Feature record: CXX_FEATURE:1cxx_deleted_functions
    Feature record: CXX_FEATURE:0cxx_digit_separators
    Feature record: CXX_FEATURE:1cxx_enum_forward_declarations
    Feature record: CXX_FEATURE:1cxx_explicit_conversions
    Feature record: CXX_FEATURE:1cxx_extended_friend_declarations
    Feature record: CXX_FEATURE:1cxx_extern_templates
    Feature record: CXX_FEATURE:1cxx_final
    Feature record: CXX_FEATURE:1cxx_func_identifier
    Feature record: CXX_FEATURE:1cxx_generalized_initializers
    Feature record: CXX_FEATURE:0cxx_generic_lambdas
    Feature record: CXX_FEATURE:1cxx_inheriting_constructors
    Feature record: CXX_FEATURE:1cxx_inline_namespaces
    Feature record: CXX_FEATURE:1cxx_lambdas
    Feature record: CXX_FEATURE:0cxx_lambda_init_captures
    Feature record: CXX_FEATURE:1cxx_local_type_template_args
    Feature record: CXX_FEATURE:1cxx_long_long_type
    Feature record: CXX_FEATURE:1cxx_noexcept
    Feature record: CXX_FEATURE:1cxx_nonstatic_member_init
    Feature record: CXX_FEATURE:1cxx_nullptr
    Feature record: CXX_FEATURE:1cxx_override
    Feature record: CXX_FEATURE:1cxx_range_for
    Feature record: CXX_FEATURE:1cxx_raw_string_literals
    Feature record: CXX_FEATURE:1cxx_reference_qualified_functions
    Feature record: CXX_FEATURE:0cxx_relaxed_constexpr
    Feature record: CXX_FEATURE:0cxx_return_type_deduction
    Feature record: CXX_FEATURE:1cxx_right_angle_brackets
    Feature record: CXX_FEATURE:1cxx_rvalue_references
    Feature record: CXX_FEATURE:1cxx_sizeof_member
    Feature record: CXX_FEATURE:1cxx_static_assert
    Feature record: CXX_FEATURE:1cxx_strong_enums
    Feature record: CXX_FEATURE:1cxx_template_template_parameters
    Feature record: CXX_FEATURE:1cxx_thread_local
    Feature record: CXX_FEATURE:1cxx_trailing_return_types
    Feature record: CXX_FEATURE:1cxx_unicode_literals
    Feature record: CXX_FEATURE:1cxx_uniform_initialization
    Feature record: CXX_FEATURE:1cxx_unrestricted_unions
    Feature record: CXX_FEATURE:1cxx_user_literals
    Feature record: CXX_FEATURE:0cxx_variable_templates
    Feature record: CXX_FEATURE:1cxx_variadic_macros
    Feature record: CXX_FEATURE:1cxx_variadic_templates


Detecting CXX [-std=c++98] compiler features compiled with the following output:
Change Dir: /media/air/6f43c45d-eb70-eb42-801a-ed77dc73e87f/armnn/armnn/build_arm64_caffe/CMakeFiles/CMakeTmp

Run Build Command:"/usr/bin/make" "cmTC_9ae55/fast"
/usr/bin/make -f CMakeFiles/cmTC_9ae55.dir/build.make CMakeFiles/cmTC_9ae55.dir/build
make[1]: Entering directory '/media/air/6f43c45d-eb70-eb42-801a-ed77dc73e87f/armnn/armnn/build_arm64_caffe/CMakeFiles/CMakeTmp'
Building CXX object CMakeFiles/cmTC_9ae55.dir/feature_tests.cxx.o
/media/air/6f43c45d-eb70-eb42-801a-ed77dc73e87f/worktools/gcc-linaro-6.3.1-2017.05-x86_64_aarch64-linux-gnu/bin/aarch64-linux-gnu-g++     -std=c++98 -o CMakeFiles/cmTC_9ae55.dir/feature_tests.cxx.o -c /media/air/6f43c45d-eb70-eb42-801a-ed77dc73e87f/armnn/armnn/build_arm64_caffe/CMakeFiles/feature_tests.cxx
Linking CXX executable cmTC_9ae55
/usr/bin/cmake -E cmake_link_script CMakeFiles/cmTC_9ae55.dir/link.txt --verbose=1
/media/air/6f43c45d-eb70-eb42-801a-ed77dc73e87f/worktools/gcc-linaro-6.3.1-2017.05-x86_64_aarch64-linux-gnu/bin/aarch64-linux-gnu-g++        CMakeFiles/cmTC_9ae55.dir/feature_tests.cxx.o  -o cmTC_9ae55 -rdynamic 
make[1]: Leaving directory '/media/air/6f43c45d-eb70-eb42-801a-ed77dc73e87f/armnn/armnn/build_arm64_caffe/CMakeFiles/CMakeTmp'


    Feature record: CXX_FEATURE:0cxx_aggregate_default_initializers
    Feature record: CXX_FEATURE:0cxx_alias_templates
    Feature record: CXX_FEATURE:0cxx_alignas
    Feature record: CXX_FEATURE:0cxx_alignof
    Feature record: CXX_FEATURE:0cxx_attributes
    Feature record: CXX_FEATURE:0cxx_attribute_deprecated
    Feature record: CXX_FEATURE:0cxx_auto_type
    Feature record: CXX_FEATURE:0cxx_binary_literals
    Feature record: CXX_FEATURE:0cxx_constexpr
    Feature record: CXX_FEATURE:0cxx_contextual_conversions
    Feature record: CXX_FEATURE:0cxx_decltype
    Feature record: CXX_FEATURE:0cxx_decltype_auto
    Feature record: CXX_FEATURE:0cxx_decltype_incomplete_return_types
    Feature record: CXX_FEATURE:0cxx_default_function_template_args
    Feature record: CXX_FEATURE:0cxx_defaulted_functions
    Feature record: CXX_FEATURE:0cxx_defaulted_move_initializers
    Feature record: CXX_FEATURE:0cxx_delegating_constructors
    Feature record: CXX_FEATURE:0cxx_deleted_functions
    Feature record: CXX_FEATURE:0cxx_digit_separators
    Feature record: CXX_FEATURE:0cxx_enum_forward_declarations
    Feature record: CXX_FEATURE:0cxx_explicit_conversions
    Feature record: CXX_FEATURE:0cxx_extended_friend_declarations
    Feature record: CXX_FEATURE:0cxx_extern_templates
    Feature record: CXX_FEATURE:0cxx_final
    Feature record: CXX_FEATURE:0cxx_func_identifier
    Feature record: CXX_FEATURE:0cxx_generalized_initializers
    Feature record: CXX_FEATURE:0cxx_generic_lambdas
    Feature record: CXX_FEATURE:0cxx_inheriting_constructors
    Feature record: CXX_FEATURE:0cxx_inline_namespaces
    Feature record: CXX_FEATURE:0cxx_lambdas
    Feature record: CXX_FEATURE:0cxx_lambda_init_captures
    Feature record: CXX_FEATURE:0cxx_local_type_template_args
    Feature record: CXX_FEATURE:0cxx_long_long_type
    Feature record: CXX_FEATURE:0cxx_noexcept
    Feature record: CXX_FEATURE:0cxx_nonstatic_member_init
    Feature record: CXX_FEATURE:0cxx_nullptr
    Feature record: CXX_FEATURE:0cxx_override
    Feature record: CXX_FEATURE:0cxx_range_for
    Feature record: CXX_FEATURE:0cxx_raw_string_literals
    Feature record: CXX_FEATURE:0cxx_reference_qualified_functions
    Feature record: CXX_FEATURE:0cxx_relaxed_constexpr
    Feature record: CXX_FEATURE:0cxx_return_type_deduction
    Feature record: CXX_FEATURE:0cxx_right_angle_brackets
    Feature record: CXX_FEATURE:0cxx_rvalue_references
    Feature record: CXX_FEATURE:0cxx_sizeof_member
    Feature record: CXX_FEATURE:0cxx_static_assert
    Feature record: CXX_FEATURE:0cxx_strong_enums
    Feature record: CXX_FEATURE:1cxx_template_template_parameters
    Feature record: CXX_FEATURE:0cxx_thread_local
    Feature record: CXX_FEATURE:0cxx_trailing_return_types
    Feature record: CXX_FEATURE:0cxx_unicode_literals
    Feature record: CXX_FEATURE:0cxx_uniform_initialization
    Feature record: CXX_FEATURE:0cxx_unrestricted_unions
    Feature record: CXX_FEATURE:0cxx_user_literals
    Feature record: CXX_FEATURE:0cxx_variable_templates
    Feature record: CXX_FEATURE:0cxx_variadic_macros
    Feature record: CXX_FEATURE:0cxx_variadic_templates
Determining if the include file pthread.h exists passed with the following output:
Change Dir: /media/air/6f43c45d-eb70-eb42-801a-ed77dc73e87f/armnn/armnn/build_arm64_caffe/CMakeFiles/CMakeTmp

Run Build Command:"/usr/bin/make" "cmTC_61194/fast"
/usr/bin/make -f CMakeFiles/cmTC_61194.dir/build.make CMakeFiles/cmTC_61194.dir/build
make[1]: Entering directory '/media/air/6f43c45d-eb70-eb42-801a-ed77dc73e87f/armnn/armnn/build_arm64_caffe/CMakeFiles/CMakeTmp'
Building C object CMakeFiles/cmTC_61194.dir/CheckIncludeFile.c.o
/media/air/6f43c45d-eb70-eb42-801a-ed77dc73e87f/worktools/gcc-linaro-6.3.1-2017.05-x86_64_aarch64-linux-gnu/bin/aarch64-linux-gnu-gcc    -fPIE   -o CMakeFiles/cmTC_61194.dir/CheckIncludeFile.c.o   -c /media/air/6f43c45d-eb70-eb42-801a-ed77dc73e87f/armnn/armnn/build_arm64_caffe/CMakeFiles/CMakeTmp/CheckIncludeFile.c
Linking C executable cmTC_61194
/usr/bin/cmake -E cmake_link_script CMakeFiles/cmTC_61194.dir/link.txt --verbose=1
/media/air/6f43c45d-eb70-eb42-801a-ed77dc73e87f/worktools/gcc-linaro-6.3.1-2017.05-x86_64_aarch64-linux-gnu/bin/aarch64-linux-gnu-gcc       CMakeFiles/cmTC_61194.dir/CheckIncludeFile.c.o  -o cmTC_61194 -rdynamic 
make[1]: Leaving directory '/media/air/6f43c45d-eb70-eb42-801a-ed77dc73e87f/armnn/armnn/build_arm64_caffe/CMakeFiles/CMakeTmp'


Determining if the function pthread_create exists in the pthread passed with the following output:
Change Dir: /media/air/6f43c45d-eb70-eb42-801a-ed77dc73e87f/armnn/armnn/build_arm64_caffe/CMakeFiles/CMakeTmp

Run Build Command:"/usr/bin/make" "cmTC_1864b/fast"
/usr/bin/make -f CMakeFiles/cmTC_1864b.dir/build.make CMakeFiles/cmTC_1864b.dir/build
make[1]: Entering directory '/media/air/6f43c45d-eb70-eb42-801a-ed77dc73e87f/armnn/armnn/build_arm64_caffe/CMakeFiles/CMakeTmp'
Building C object CMakeFiles/cmTC_1864b.dir/CheckFunctionExists.c.o
/media/air/6f43c45d-eb70-eb42-801a-ed77dc73e87f/worktools/gcc-linaro-6.3.1-2017.05-x86_64_aarch64-linux-gnu/bin/aarch64-linux-gnu-gcc    -DCHECK_FUNCTION_EXISTS=pthread_create -fPIE   -o CMakeFiles/cmTC_1864b.dir/CheckFunctionExists.c.o   -c /usr/share/cmake-3.5/Modules/CheckFunctionExists.c
Linking C executable cmTC_1864b
/usr/bin/cmake -E cmake_link_script CMakeFiles/cmTC_1864b.dir/link.txt --verbose=1
/media/air/6f43c45d-eb70-eb42-801a-ed77dc73e87f/worktools/gcc-linaro-6.3.1-2017.05-x86_64_aarch64-linux-gnu/bin/aarch64-linux-gnu-gcc   -DCHECK_FUNCTION_EXISTS=pthread_create    CMakeFiles/cmTC_1864b.dir/CheckFunctionExists.c.o  -o cmTC_1864b -rdynamic -lpthread 
make[1]: Leaving directory '/media/air/6f43c45d-eb70-eb42-801a-ed77dc73e87f/armnn/armnn/build_arm64_caffe/CMakeFiles/CMakeTmp'


