Determining if the pthread_create exist failed with the following output:
Change Dir: /media/air/6f43c45d-eb70-eb42-801a-ed77dc73e87f/armnn/armnn/build_arm64_caffe/CMakeFiles/CMakeTmp

Run Build Command:"/usr/bin/make" "cmTC_1ba69/fast"
/usr/bin/make -f CMakeFiles/cmTC_1ba69.dir/build.make CMakeFiles/cmTC_1ba69.dir/build
make[1]: Entering directory '/media/air/6f43c45d-eb70-eb42-801a-ed77dc73e87f/armnn/armnn/build_arm64_caffe/CMakeFiles/CMakeTmp'
Building C object CMakeFiles/cmTC_1ba69.dir/CheckSymbolExists.c.o
/media/air/6f43c45d-eb70-eb42-801a-ed77dc73e87f/worktools/gcc-linaro-6.3.1-2017.05-x86_64_aarch64-linux-gnu/bin/aarch64-linux-gnu-gcc    -fPIE   -o CMakeFiles/cmTC_1ba69.dir/CheckSymbolExists.c.o   -c /media/air/6f43c45d-eb70-eb42-801a-ed77dc73e87f/armnn/armnn/build_arm64_caffe/CMakeFiles/CMakeTmp/CheckSymbolExists.c
Linking C executable cmTC_1ba69
/usr/bin/cmake -E cmake_link_script CMakeFiles/cmTC_1ba69.dir/link.txt --verbose=1
/media/air/6f43c45d-eb70-eb42-801a-ed77dc73e87f/worktools/gcc-linaro-6.3.1-2017.05-x86_64_aarch64-linux-gnu/bin/aarch64-linux-gnu-gcc       CMakeFiles/cmTC_1ba69.dir/CheckSymbolExists.c.o  -o cmTC_1ba69 -rdynamic 
CMakeFiles/cmTC_1ba69.dir/CheckSymbolExists.c.o: In function `main':
CheckSymbolExists.c:(.text+0x14): undefined reference to `pthread_create'
CheckSymbolExists.c:(.text+0x18): undefined reference to `pthread_create'
collect2: error: ld returned 1 exit status
CMakeFiles/cmTC_1ba69.dir/build.make:97: recipe for target 'cmTC_1ba69' failed
make[1]: *** [cmTC_1ba69] Error 1
make[1]: Leaving directory '/media/air/6f43c45d-eb70-eb42-801a-ed77dc73e87f/armnn/armnn/build_arm64_caffe/CMakeFiles/CMakeTmp'
Makefile:126: recipe for target 'cmTC_1ba69/fast' failed
make: *** [cmTC_1ba69/fast] Error 2

File /media/air/6f43c45d-eb70-eb42-801a-ed77dc73e87f/armnn/armnn/build_arm64_caffe/CMakeFiles/CMakeTmp/CheckSymbolExists.c:
/* */
#include <pthread.h>

int main(int argc, char** argv)
{
  (void)argv;
#ifndef pthread_create
  return ((int*)(&pthread_create))[argc];
#else
  (void)argc;
  return 0;
#endif
}

Determining if the function pthread_create exists in the pthreads failed with the following output:
Change Dir: /media/air/6f43c45d-eb70-eb42-801a-ed77dc73e87f/armnn/armnn/build_arm64_caffe/CMakeFiles/CMakeTmp

Run Build Command:"/usr/bin/make" "cmTC_2805e/fast"
/usr/bin/make -f CMakeFiles/cmTC_2805e.dir/build.make CMakeFiles/cmTC_2805e.dir/build
make[1]: Entering directory '/media/air/6f43c45d-eb70-eb42-801a-ed77dc73e87f/armnn/armnn/build_arm64_caffe/CMakeFiles/CMakeTmp'
Building C object CMakeFiles/cmTC_2805e.dir/CheckFunctionExists.c.o
/media/air/6f43c45d-eb70-eb42-801a-ed77dc73e87f/worktools/gcc-linaro-6.3.1-2017.05-x86_64_aarch64-linux-gnu/bin/aarch64-linux-gnu-gcc    -DCHECK_FUNCTION_EXISTS=pthread_create -fPIE   -o CMakeFiles/cmTC_2805e.dir/CheckFunctionExists.c.o   -c /usr/share/cmake-3.5/Modules/CheckFunctionExists.c
Linking C executable cmTC_2805e
/usr/bin/cmake -E cmake_link_script CMakeFiles/cmTC_2805e.dir/link.txt --verbose=1
/media/air/6f43c45d-eb70-eb42-801a-ed77dc73e87f/worktools/gcc-linaro-6.3.1-2017.05-x86_64_aarch64-linux-gnu/bin/aarch64-linux-gnu-gcc   -DCHECK_FUNCTION_EXISTS=pthread_create    CMakeFiles/cmTC_2805e.dir/CheckFunctionExists.c.o  -o cmTC_2805e -rdynamic -lpthreads 
/media/air/6f43c45d-eb70-eb42-801a-ed77dc73e87f/worktools/gcc-linaro-6.3.1-2017.05-x86_64_aarch64-linux-gnu/bin/../lib/gcc/aarch64-linux-gnu/6.3.1/../../../../aarch64-linux-gnu/bin/ld: cannot find -lpthreads
collect2: error: ld returned 1 exit status
CMakeFiles/cmTC_2805e.dir/build.make:97: recipe for target 'cmTC_2805e' failed
make[1]: *** [cmTC_2805e] Error 1
make[1]: Leaving directory '/media/air/6f43c45d-eb70-eb42-801a-ed77dc73e87f/armnn/armnn/build_arm64_caffe/CMakeFiles/CMakeTmp'
Makefile:126: recipe for target 'cmTC_2805e/fast' failed
make: *** [cmTC_2805e/fast] Error 2


Determining if the include file valgrind/memcheck.h exists failed with the following output:
Change Dir: /media/air/6f43c45d-eb70-eb42-801a-ed77dc73e87f/armnn/armnn/build_arm64_caffe/CMakeFiles/CMakeTmp

Run Build Command:"/usr/bin/make" "cmTC_4c9f3/fast"
/usr/bin/make -f CMakeFiles/cmTC_4c9f3.dir/build.make CMakeFiles/cmTC_4c9f3.dir/build
make[1]: Entering directory '/media/air/6f43c45d-eb70-eb42-801a-ed77dc73e87f/armnn/armnn/build_arm64_caffe/CMakeFiles/CMakeTmp'
Building C object CMakeFiles/cmTC_4c9f3.dir/CheckIncludeFile.c.o
/media/air/6f43c45d-eb70-eb42-801a-ed77dc73e87f/worktools/gcc-linaro-6.3.1-2017.05-x86_64_aarch64-linux-gnu/bin/aarch64-linux-gnu-gcc    -fPIE   -o CMakeFiles/cmTC_4c9f3.dir/CheckIncludeFile.c.o   -c /media/air/6f43c45d-eb70-eb42-801a-ed77dc73e87f/armnn/armnn/build_arm64_caffe/CMakeFiles/CMakeTmp/CheckIncludeFile.c
/media/air/6f43c45d-eb70-eb42-801a-ed77dc73e87f/armnn/armnn/build_arm64_caffe/CMakeFiles/CMakeTmp/CheckIncludeFile.c:1:31: fatal error: valgrind/memcheck.h: No such file or directory
 #include <valgrind/memcheck.h>
                               ^
compilation terminated.
CMakeFiles/cmTC_4c9f3.dir/build.make:65: recipe for target 'CMakeFiles/cmTC_4c9f3.dir/CheckIncludeFile.c.o' failed
make[1]: *** [CMakeFiles/cmTC_4c9f3.dir/CheckIncludeFile.c.o] Error 1
make[1]: Leaving directory '/media/air/6f43c45d-eb70-eb42-801a-ed77dc73e87f/armnn/armnn/build_arm64_caffe/CMakeFiles/CMakeTmp'
Makefile:126: recipe for target 'cmTC_4c9f3/fast' failed
make: *** [cmTC_4c9f3/fast] Error 2


